2023-07-21 15:44:56,195 [Worker-5: Loading available Gradle versions] INFO  o.e.b.c.i.u.g.PublishedGradleVersions - Gradle version information cache is up-to-date. Trying to read.
2023-07-21 15:47:26,341 [Worker-1: Launching mavenrun-c261b531-1d5d-41f2-89a2-a01ca7ff41fb] INFO  o.eclipse.m2e.core.internal.Bundles - getClasspathEntries(Bundle=org.eclipse.m2e.maven.runtime_3.8.701.20230209-1606 [610])
2023-07-21 15:47:26,432 [Worker-1: Launching mavenrun-c261b531-1d5d-41f2-89a2-a01ca7ff41fb] INFO  o.eclipse.m2e.core.internal.Bundles - 	Entry: D:\important softwares\Eclipse j2ee\eclipse\plugins\org.eclipse.m2e.maven.runtime_3.8.701.20230209-1606
2023-07-21 15:47:26,433 [Worker-1: Launching mavenrun-c261b531-1d5d-41f2-89a2-a01ca7ff41fb] INFO  o.eclipse.m2e.core.internal.Bundles - 	Entry: D:\important softwares\Eclipse j2ee\eclipse\plugins\org.eclipse.m2e.maven.runtime_3.8.701.20230209-1606\jars\aether-connector-okhttp-0.17.8.jar
2023-07-21 15:47:26,435 [Worker-1: Launching mavenrun-c261b531-1d5d-41f2-89a2-a01ca7ff41fb] INFO  o.eclipse.m2e.core.internal.Bundles - 	Entry: D:\important softwares\Eclipse j2ee\eclipse\plugins\org.eclipse.m2e.maven.runtime_3.8.701.20230209-1606\jars\commons-lang3-3.8.1.jar
2023-07-21 15:47:26,435 [Worker-1: Launching mavenrun-c261b531-1d5d-41f2-89a2-a01ca7ff41fb] INFO  o.eclipse.m2e.core.internal.Bundles - 	Entry: D:\important softwares\Eclipse j2ee\eclipse\plugins\org.eclipse.m2e.maven.runtime_3.8.701.20230209-1606\jars\guice-4.2.2-no_aop.jar
2023-07-21 15:47:26,435 [Worker-1: Launching mavenrun-c261b531-1d5d-41f2-89a2-a01ca7ff41fb] INFO  o.eclipse.m2e.core.internal.Bundles - 	Entry: D:\important softwares\Eclipse j2ee\eclipse\plugins\org.eclipse.m2e.maven.runtime_3.8.701.20230209-1606\jars\jansi-2.4.0.jar
2023-07-21 15:47:26,436 [Worker-1: Launching mavenrun-c261b531-1d5d-41f2-89a2-a01ca7ff41fb] INFO  o.eclipse.m2e.core.internal.Bundles - 	Entry: D:\important softwares\Eclipse j2ee\eclipse\plugins\org.eclipse.m2e.maven.runtime_3.8.701.20230209-1606\jars\maven-artifact-3.8.7.jar
2023-07-21 15:47:26,436 [Worker-1: Launching mavenrun-c261b531-1d5d-41f2-89a2-a01ca7ff41fb] INFO  o.eclipse.m2e.core.internal.Bundles - 	Entry: D:\important softwares\Eclipse j2ee\eclipse\plugins\org.eclipse.m2e.maven.runtime_3.8.701.20230209-1606\jars\maven-builder-support-3.8.7.jar
2023-07-21 15:47:26,436 [Worker-1: Launching mavenrun-c261b531-1d5d-41f2-89a2-a01ca7ff41fb] INFO  o.eclipse.m2e.core.internal.Bundles - 	Entry: D:\important softwares\Eclipse j2ee\eclipse\plugins\org.eclipse.m2e.maven.runtime_3.8.701.20230209-1606\jars\maven-compat-3.8.7.jar
2023-07-21 15:47:26,437 [Worker-1: Launching mavenrun-c261b531-1d5d-41f2-89a2-a01ca7ff41fb] INFO  o.eclipse.m2e.core.internal.Bundles - 	Entry: D:\important softwares\Eclipse j2ee\eclipse\plugins\org.eclipse.m2e.maven.runtime_3.8.701.20230209-1606\jars\maven-core-3.8.7.jar
2023-07-21 15:47:26,437 [Worker-1: Launching mavenrun-c261b531-1d5d-41f2-89a2-a01ca7ff41fb] INFO  o.eclipse.m2e.core.internal.Bundles - 	Entry: D:\important softwares\Eclipse j2ee\eclipse\plugins\org.eclipse.m2e.maven.runtime_3.8.701.20230209-1606\jars\maven-embedder-3.8.7.jar
2023-07-21 15:47:26,437 [Worker-1: Launching mavenrun-c261b531-1d5d-41f2-89a2-a01ca7ff41fb] INFO  o.eclipse.m2e.core.internal.Bundles - 	Entry: D:\important softwares\Eclipse j2ee\eclipse\plugins\org.eclipse.m2e.maven.runtime_3.8.701.20230209-1606\jars\maven-model-3.8.7.jar
2023-07-21 15:47:26,437 [Worker-1: Launching mavenrun-c261b531-1d5d-41f2-89a2-a01ca7ff41fb] INFO  o.eclipse.m2e.core.internal.Bundles - 	Entry: D:\important softwares\Eclipse j2ee\eclipse\plugins\org.eclipse.m2e.maven.runtime_3.8.701.20230209-1606\jars\maven-model-builder-3.8.7.jar
2023-07-21 15:47:26,438 [Worker-1: Launching mavenrun-c261b531-1d5d-41f2-89a2-a01ca7ff41fb] INFO  o.eclipse.m2e.core.internal.Bundles - 	Entry: D:\important softwares\Eclipse j2ee\eclipse\plugins\org.eclipse.m2e.maven.runtime_3.8.701.20230209-1606\jars\maven-plugin-api-3.8.7.jar
2023-07-21 15:47:26,438 [Worker-1: Launching mavenrun-c261b531-1d5d-41f2-89a2-a01ca7ff41fb] INFO  o.eclipse.m2e.core.internal.Bundles - 	Entry: D:\important softwares\Eclipse j2ee\eclipse\plugins\org.eclipse.m2e.maven.runtime_3.8.701.20230209-1606\jars\maven-repository-metadata-3.8.7.jar
2023-07-21 15:47:26,438 [Worker-1: Launching mavenrun-c261b531-1d5d-41f2-89a2-a01ca7ff41fb] INFO  o.eclipse.m2e.core.internal.Bundles - 	Entry: D:\important softwares\Eclipse j2ee\eclipse\plugins\org.eclipse.m2e.maven.runtime_3.8.701.20230209-1606\jars\maven-resolver-api-1.6.3.jar
2023-07-21 15:47:26,439 [Worker-1: Launching mavenrun-c261b531-1d5d-41f2-89a2-a01ca7ff41fb] INFO  o.eclipse.m2e.core.internal.Bundles - 	Entry: D:\important softwares\Eclipse j2ee\eclipse\plugins\org.eclipse.m2e.maven.runtime_3.8.701.20230209-1606\jars\maven-resolver-connector-basic-1.6.3.jar
2023-07-21 15:47:26,439 [Worker-1: Launching mavenrun-c261b531-1d5d-41f2-89a2-a01ca7ff41fb] INFO  o.eclipse.m2e.core.internal.Bundles - 	Entry: D:\important softwares\Eclipse j2ee\eclipse\plugins\org.eclipse.m2e.maven.runtime_3.8.701.20230209-1606\jars\maven-resolver-impl-1.6.3.jar
2023-07-21 15:47:26,439 [Worker-1: Launching mavenrun-c261b531-1d5d-41f2-89a2-a01ca7ff41fb] INFO  o.eclipse.m2e.core.internal.Bundles - 	Entry: D:\important softwares\Eclipse j2ee\eclipse\plugins\org.eclipse.m2e.maven.runtime_3.8.701.20230209-1606\jars\maven-resolver-provider-3.8.7.jar
2023-07-21 15:47:26,439 [Worker-1: Launching mavenrun-c261b531-1d5d-41f2-89a2-a01ca7ff41fb] INFO  o.eclipse.m2e.core.internal.Bundles - 	Entry: D:\important softwares\Eclipse j2ee\eclipse\plugins\org.eclipse.m2e.maven.runtime_3.8.701.20230209-1606\jars\maven-resolver-spi-1.6.3.jar
2023-07-21 15:47:26,440 [Worker-1: Launching mavenrun-c261b531-1d5d-41f2-89a2-a01ca7ff41fb] INFO  o.eclipse.m2e.core.internal.Bundles - 	Entry: D:\important softwares\Eclipse j2ee\eclipse\plugins\org.eclipse.m2e.maven.runtime_3.8.701.20230209-1606\jars\maven-resolver-transport-wagon-1.6.3.jar
2023-07-21 15:47:26,440 [Worker-1: Launching mavenrun-c261b531-1d5d-41f2-89a2-a01ca7ff41fb] INFO  o.eclipse.m2e.core.internal.Bundles - 	Entry: D:\important softwares\Eclipse j2ee\eclipse\plugins\org.eclipse.m2e.maven.runtime_3.8.701.20230209-1606\jars\maven-resolver-util-1.6.3.jar
2023-07-21 15:47:26,440 [Worker-1: Launching mavenrun-c261b531-1d5d-41f2-89a2-a01ca7ff41fb] INFO  o.eclipse.m2e.core.internal.Bundles - 	Entry: D:\important softwares\Eclipse j2ee\eclipse\plugins\org.eclipse.m2e.maven.runtime_3.8.701.20230209-1606\jars\maven-settings-3.8.7.jar
2023-07-21 15:47:26,441 [Worker-1: Launching mavenrun-c261b531-1d5d-41f2-89a2-a01ca7ff41fb] INFO  o.eclipse.m2e.core.internal.Bundles - 	Entry: D:\important softwares\Eclipse j2ee\eclipse\plugins\org.eclipse.m2e.maven.runtime_3.8.701.20230209-1606\jars\maven-settings-builder-3.8.7.jar
2023-07-21 15:47:26,441 [Worker-1: Launching mavenrun-c261b531-1d5d-41f2-89a2-a01ca7ff41fb] INFO  o.eclipse.m2e.core.internal.Bundles - 	Entry: D:\important softwares\Eclipse j2ee\eclipse\plugins\org.eclipse.m2e.maven.runtime_3.8.701.20230209-1606\jars\maven-shared-utils-3.3.4.jar
2023-07-21 15:47:26,441 [Worker-1: Launching mavenrun-c261b531-1d5d-41f2-89a2-a01ca7ff41fb] INFO  o.eclipse.m2e.core.internal.Bundles - 	Entry: D:\important softwares\Eclipse j2ee\eclipse\plugins\org.eclipse.m2e.maven.runtime_3.8.701.20230209-1606\jars\okhttp-3.14.1.jar
2023-07-21 15:47:26,441 [Worker-1: Launching mavenrun-c261b531-1d5d-41f2-89a2-a01ca7ff41fb] INFO  o.eclipse.m2e.core.internal.Bundles - 	Entry: D:\important softwares\Eclipse j2ee\eclipse\plugins\org.eclipse.m2e.maven.runtime_3.8.701.20230209-1606\jars\okio-1.17.3.jar
2023-07-21 15:47:26,442 [Worker-1: Launching mavenrun-c261b531-1d5d-41f2-89a2-a01ca7ff41fb] INFO  o.eclipse.m2e.core.internal.Bundles - 	Entry: D:\important softwares\Eclipse j2ee\eclipse\plugins\org.eclipse.m2e.maven.runtime_3.8.701.20230209-1606\jars\org.eclipse.sisu.inject-0.3.5.jar
2023-07-21 15:47:26,442 [Worker-1: Launching mavenrun-c261b531-1d5d-41f2-89a2-a01ca7ff41fb] INFO  o.eclipse.m2e.core.internal.Bundles - 	Entry: D:\important softwares\Eclipse j2ee\eclipse\plugins\org.eclipse.m2e.maven.runtime_3.8.701.20230209-1606\jars\org.eclipse.sisu.plexus-0.3.5.jar
2023-07-21 15:47:26,443 [Worker-1: Launching mavenrun-c261b531-1d5d-41f2-89a2-a01ca7ff41fb] INFO  o.eclipse.m2e.core.internal.Bundles - 	Entry: D:\important softwares\Eclipse j2ee\eclipse\plugins\org.eclipse.m2e.maven.runtime_3.8.701.20230209-1606\jars\plexus-build-api-0.0.7.jar
2023-07-21 15:47:26,443 [Worker-1: Launching mavenrun-c261b531-1d5d-41f2-89a2-a01ca7ff41fb] INFO  o.eclipse.m2e.core.internal.Bundles - 	Entry: D:\important softwares\Eclipse j2ee\eclipse\plugins\org.eclipse.m2e.maven.runtime_3.8.701.20230209-1606\jars\plexus-cipher-2.0.jar
2023-07-21 15:47:26,443 [Worker-1: Launching mavenrun-c261b531-1d5d-41f2-89a2-a01ca7ff41fb] INFO  o.eclipse.m2e.core.internal.Bundles - 	Entry: D:\important softwares\Eclipse j2ee\eclipse\plugins\org.eclipse.m2e.maven.runtime_3.8.701.20230209-1606\jars\plexus-classworlds-2.6.0.jar
2023-07-21 15:47:26,443 [Worker-1: Launching mavenrun-c261b531-1d5d-41f2-89a2-a01ca7ff41fb] INFO  o.eclipse.m2e.core.internal.Bundles - 	Entry: D:\important softwares\Eclipse j2ee\eclipse\plugins\org.eclipse.m2e.maven.runtime_3.8.701.20230209-1606\jars\plexus-component-annotations-2.1.0.jar
2023-07-21 15:47:26,444 [Worker-1: Launching mavenrun-c261b531-1d5d-41f2-89a2-a01ca7ff41fb] INFO  o.eclipse.m2e.core.internal.Bundles - 	Entry: D:\important softwares\Eclipse j2ee\eclipse\plugins\org.eclipse.m2e.maven.runtime_3.8.701.20230209-1606\jars\plexus-interpolation-1.26.jar
2023-07-21 15:47:26,444 [Worker-1: Launching mavenrun-c261b531-1d5d-41f2-89a2-a01ca7ff41fb] INFO  o.eclipse.m2e.core.internal.Bundles - 	Entry: D:\important softwares\Eclipse j2ee\eclipse\plugins\org.eclipse.m2e.maven.runtime_3.8.701.20230209-1606\jars\plexus-sec-dispatcher-2.0.jar
2023-07-21 15:47:26,444 [Worker-1: Launching mavenrun-c261b531-1d5d-41f2-89a2-a01ca7ff41fb] INFO  o.eclipse.m2e.core.internal.Bundles - 	Entry: D:\important softwares\Eclipse j2ee\eclipse\plugins\org.eclipse.m2e.maven.runtime_3.8.701.20230209-1606\jars\plexus-utils-3.3.1.jar
2023-07-21 15:47:26,444 [Worker-1: Launching mavenrun-c261b531-1d5d-41f2-89a2-a01ca7ff41fb] INFO  o.eclipse.m2e.core.internal.Bundles - 	Entry: D:\important softwares\Eclipse j2ee\eclipse\plugins\org.eclipse.m2e.maven.runtime_3.8.701.20230209-1606\jars\wagon-file-3.5.3.jar
2023-07-21 15:47:26,444 [Worker-1: Launching mavenrun-c261b531-1d5d-41f2-89a2-a01ca7ff41fb] INFO  o.eclipse.m2e.core.internal.Bundles - 	Entry: D:\important softwares\Eclipse j2ee\eclipse\plugins\org.eclipse.m2e.maven.runtime_3.8.701.20230209-1606\jars\wagon-provider-api-3.5.3.jar
2023-07-21 15:47:26,449 [Worker-1: Launching mavenrun-c261b531-1d5d-41f2-89a2-a01ca7ff41fb] INFO  o.eclipse.m2e.core.internal.Bundles - getClasspathEntries(Bundle=com.google.guava_31.1.0.jre [11])
2023-07-21 15:47:26,452 [Worker-1: Launching mavenrun-c261b531-1d5d-41f2-89a2-a01ca7ff41fb] INFO  o.eclipse.m2e.core.internal.Bundles - 	Entry: D:\important softwares\Eclipse j2ee\eclipse\plugins\com.google.guava_31.1.0.jre.jar
2023-07-21 15:47:26,452 [Worker-1: Launching mavenrun-c261b531-1d5d-41f2-89a2-a01ca7ff41fb] INFO  o.eclipse.m2e.core.internal.Bundles - getClasspathEntries(Bundle=slf4j.api_1.7.36 [924])
2023-07-21 15:47:26,454 [Worker-1: Launching mavenrun-c261b531-1d5d-41f2-89a2-a01ca7ff41fb] INFO  o.eclipse.m2e.core.internal.Bundles - 	Entry: D:\important softwares\Eclipse j2ee\eclipse\plugins\slf4j.api_1.7.36.jar
2023-07-21 15:47:26,455 [Worker-1: Launching mavenrun-c261b531-1d5d-41f2-89a2-a01ca7ff41fb] INFO  o.eclipse.m2e.core.internal.Bundles - getClasspathEntries(Bundle=javax.inject_1.0.0.v20220405-0441 [35])
2023-07-21 15:47:26,487 [Worker-1: Launching mavenrun-c261b531-1d5d-41f2-89a2-a01ca7ff41fb] INFO  o.eclipse.m2e.core.internal.Bundles - 	Entry: D:\important softwares\Eclipse j2ee\eclipse\plugins\javax.inject_1.0.0.v20220405-0441.jar
2023-07-21 15:47:26,487 [Worker-1: Launching mavenrun-c261b531-1d5d-41f2-89a2-a01ca7ff41fb] INFO  o.eclipse.m2e.core.internal.Bundles - getClasspathEntries(Bundle=javax.annotation_1.3.5.v20221203-1659 [33])
2023-07-21 15:47:26,489 [Worker-1: Launching mavenrun-c261b531-1d5d-41f2-89a2-a01ca7ff41fb] INFO  o.eclipse.m2e.core.internal.Bundles - 	Entry: D:\important softwares\Eclipse j2ee\eclipse\plugins\javax.annotation_1.3.5.v20221203-1659.jar
2023-07-21 15:47:26,490 [Worker-1: Launching mavenrun-c261b531-1d5d-41f2-89a2-a01ca7ff41fb] INFO  o.eclipse.m2e.core.internal.Bundles - getClasspathEntries(Bundle=org.apache.commons.cli_1.4.0.v20221112-0806 [67])
2023-07-21 15:47:26,492 [Worker-1: Launching mavenrun-c261b531-1d5d-41f2-89a2-a01ca7ff41fb] INFO  o.eclipse.m2e.core.internal.Bundles - 	Entry: D:\important softwares\Eclipse j2ee\eclipse\plugins\org.apache.commons.cli_1.4.0.v20221112-0806.jar
2023-07-21 15:47:26,492 [Worker-1: Launching mavenrun-c261b531-1d5d-41f2-89a2-a01ca7ff41fb] INFO  o.eclipse.m2e.core.internal.Bundles - getClasspathEntries(Bundle=com.google.guava.failureaccess_1.0.1 [13])
2023-07-21 15:47:26,494 [Worker-1: Launching mavenrun-c261b531-1d5d-41f2-89a2-a01ca7ff41fb] INFO  o.eclipse.m2e.core.internal.Bundles - 	Entry: D:\important softwares\Eclipse j2ee\eclipse\plugins\com.google.guava.failureaccess_1.0.1.jar
2023-07-21 15:47:26,537 [Worker-1: Launching mavenrun-c261b531-1d5d-41f2-89a2-a01ca7ff41fb] INFO  o.e.m.i.launch.MavenLaunchDelegate - Run build in "C:\Users\DELL\AppData\Local\Temp\m2e-archetypeGenerator14999473746508484786":
2023-07-21 15:47:26,567 [Worker-1: Launching mavenrun-c261b531-1d5d-41f2-89a2-a01ca7ff41fb] INFO  o.e.m.i.launch.MavenLaunchDelegate -  mvn  -DarchetypeGroupId=org.apache.maven.archetypes -DarchetypeArtifactId=maven-archetype-quickstart -DarchetypeVersion=1.4 -DgroupId=com.springCore -DartifactId=IocMod1 -Dversion=0.0.1-SNAPSHOT -Dpackage=com.springCore.IocMod1 -DoutputDirectory="D:\java Workspace\SpringWorkSpace" -Dstyle.color=always -U archetype:generate
2023-07-21 15:48:29,169 [Worker-4: Creating maven-archetype-quickstart] INFO  o.e.m.c.i.p.ProjectConfigurationManager - Collecting project info '/pom.xml' D:\java Workspace\SpringWorkSpace\IocMod1\pom.xml
2023-07-21 15:48:40,501 [Worker-4: Creating maven-archetype-quickstart] INFO  o.e.m.c.i.l.LifecycleMappingFactory - Using org.eclipse.m2e.jdt.JarLifecycleMapping lifecycle mapping for MavenProject: com.springCore:IocMod1:0.0.1-SNAPSHOT @ D:\java Workspace\SpringWorkSpace\IocMod1\pom.xml.
2023-07-21 15:48:49,227 [Worker-4: Creating maven-archetype-quickstart] INFO  o.e.m.j.i.AbstractJavaProjectConfigurator - Adding source folder /IocMod1/src/main/java
2023-07-21 15:48:49,277 [Worker-4: Creating maven-archetype-quickstart] INFO  o.e.m.j.i.AbstractJavaProjectConfigurator - Adding source folder /IocMod1/src/test/java
2023-07-21 15:48:50,050 [Worker-4: Creating maven-archetype-quickstart] INFO  o.e.m.c.i.p.ProjectConfigurationManager - Imported and configured 1 project(s) in 20 sec
2023-07-21 15:48:54,264 [Worker-15: Building] INFO  o.e.m.c.i.embedder.EclipseLogger - Using 'UTF-8' encoding to copy filtered resources.
2023-07-21 15:48:54,265 [Worker-15: Building] INFO  o.e.m.c.i.embedder.EclipseLogger - skip non existing resourceDirectory D:\java Workspace\SpringWorkSpace\IocMod1\src\main\resources
2023-07-21 15:48:54,276 [Worker-15: Building] INFO  o.e.m.c.i.embedder.EclipseLogger - Using 'UTF-8' encoding to copy filtered resources.
2023-07-21 15:48:54,277 [Worker-15: Building] INFO  o.e.m.c.i.embedder.EclipseLogger - skip non existing resourceDirectory D:\java Workspace\SpringWorkSpace\IocMod1\src\test\resources
2023-07-21 17:22:13,319 [Worker-23: Building] INFO  o.e.m.c.i.l.LifecycleMappingFactory - Using org.eclipse.m2e.jdt.JarLifecycleMapping lifecycle mapping for MavenProject: com.springCore:IocMod1:0.0.1-SNAPSHOT @ D:\java Workspace\SpringWorkSpace\IocMod1\pom.xml.
2023-07-21 17:22:42,873 [Worker-24: Download sources and javadoc] INFO  o.e.m.c.i.e.AbstractTransferListenerAdapter - Downloading https://repo.maven.apache.org/maven2/org/springframework/spring-core/5.3.28/spring-core-5.3.28-sources.jar
2023-07-21 17:22:45,481 [Worker-24: Download sources and javadoc] INFO  o.e.m.c.i.e.AbstractTransferListenerAdapter - Downloaded https://repo.maven.apache.org/maven2/org/springframework/spring-core/5.3.28/spring-core-5.3.28-sources.jar
2023-07-21 17:22:45,741 [Worker-24: Download sources and javadoc] INFO  o.e.m.j.internal.DownloadSourcesJob - Downloaded sources for org.springframework:spring-core:5.3.28
2023-07-21 17:22:46,119 [Worker-24: Download sources and javadoc] INFO  o.e.m.c.i.e.AbstractTransferListenerAdapter - Downloading https://repo.maven.apache.org/maven2/org/springframework/spring-jcl/5.3.28/spring-jcl-5.3.28-sources.jar
2023-07-21 17:22:50,385 [Worker-24: Download sources and javadoc] INFO  o.e.m.c.i.e.AbstractTransferListenerAdapter - Downloaded https://repo.maven.apache.org/maven2/org/springframework/spring-jcl/5.3.28/spring-jcl-5.3.28-sources.jar
2023-07-21 17:22:50,391 [Worker-24: Download sources and javadoc] INFO  o.e.m.j.internal.DownloadSourcesJob - Downloaded sources for org.springframework:spring-jcl:5.3.28
2023-07-21 17:22:57,987 [Worker-23: Building] INFO  o.e.m.c.i.embedder.EclipseLogger - Using 'UTF-8' encoding to copy filtered resources.
2023-07-21 17:22:57,989 [Worker-23: Building] INFO  o.e.m.c.i.embedder.EclipseLogger - skip non existing resourceDirectory D:\java Workspace\SpringWorkSpace\IocMod1\src\main\resources
2023-07-21 17:22:58,001 [Worker-23: Building] INFO  o.e.m.c.i.embedder.EclipseLogger - Using 'UTF-8' encoding to copy filtered resources.
2023-07-21 17:22:58,001 [Worker-23: Building] INFO  o.e.m.c.i.embedder.EclipseLogger - skip non existing resourceDirectory D:\java Workspace\SpringWorkSpace\IocMod1\src\test\resources
2023-07-21 17:23:24,008 [Worker-23: Building] INFO  o.e.m.c.i.l.LifecycleMappingFactory - Using org.eclipse.m2e.jdt.JarLifecycleMapping lifecycle mapping for MavenProject: com.springCore:IocMod1:0.0.1-SNAPSHOT @ D:\java Workspace\SpringWorkSpace\IocMod1\pom.xml.
2023-07-21 17:23:25,743 [Worker-23: Building] INFO  o.e.m.c.i.embedder.EclipseLogger - Using 'UTF-8' encoding to copy filtered resources.
2023-07-21 17:23:25,744 [Worker-23: Building] INFO  o.e.m.c.i.embedder.EclipseLogger - skip non existing resourceDirectory D:\java Workspace\SpringWorkSpace\IocMod1\src\main\resources
2023-07-21 17:23:25,771 [Worker-23: Building] INFO  o.e.m.c.i.embedder.EclipseLogger - Using 'UTF-8' encoding to copy filtered resources.
2023-07-21 17:23:25,772 [Worker-23: Building] INFO  o.e.m.c.i.embedder.EclipseLogger - skip non existing resourceDirectory D:\java Workspace\SpringWorkSpace\IocMod1\src\test\resources
2023-07-21 17:23:26,383 [Worker-26: Download sources and javadoc] INFO  o.e.m.c.i.e.AbstractTransferListenerAdapter - Downloading https://repo.maven.apache.org/maven2/org/springframework/spring-context/5.3.28/spring-context-5.3.28-sources.jar
2023-07-21 17:23:27,352 [Worker-26: Download sources and javadoc] INFO  o.e.m.c.i.e.AbstractTransferListenerAdapter - Downloaded https://repo.maven.apache.org/maven2/org/springframework/spring-context/5.3.28/spring-context-5.3.28-sources.jar
2023-07-21 17:23:27,362 [Worker-26: Download sources and javadoc] INFO  o.e.m.j.internal.DownloadSourcesJob - Downloaded sources for org.springframework:spring-context:5.3.28
2023-07-21 17:23:27,554 [Worker-26: Download sources and javadoc] INFO  o.e.m.c.i.e.AbstractTransferListenerAdapter - Downloading https://repo.maven.apache.org/maven2/org/springframework/spring-aop/5.3.28/spring-aop-5.3.28-sources.jar
2023-07-21 17:23:28,333 [Worker-26: Download sources and javadoc] INFO  o.e.m.c.i.e.AbstractTransferListenerAdapter - Downloaded https://repo.maven.apache.org/maven2/org/springframework/spring-aop/5.3.28/spring-aop-5.3.28-sources.jar
2023-07-21 17:23:28,343 [Worker-26: Download sources and javadoc] INFO  o.e.m.j.internal.DownloadSourcesJob - Downloaded sources for org.springframework:spring-aop:5.3.28
2023-07-21 17:23:28,628 [Worker-26: Download sources and javadoc] INFO  o.e.m.c.i.e.AbstractTransferListenerAdapter - Downloading https://repo.maven.apache.org/maven2/org/springframework/spring-beans/5.3.28/spring-beans-5.3.28-sources.jar
2023-07-21 17:23:29,538 [Worker-26: Download sources and javadoc] INFO  o.e.m.c.i.e.AbstractTransferListenerAdapter - Downloaded https://repo.maven.apache.org/maven2/org/springframework/spring-beans/5.3.28/spring-beans-5.3.28-sources.jar
2023-07-21 17:23:29,545 [Worker-26: Download sources and javadoc] INFO  o.e.m.j.internal.DownloadSourcesJob - Downloaded sources for org.springframework:spring-beans:5.3.28
2023-07-21 17:23:29,791 [Worker-26: Download sources and javadoc] INFO  o.e.m.c.i.e.AbstractTransferListenerAdapter - Downloading https://repo.maven.apache.org/maven2/org/springframework/spring-expression/5.3.28/spring-expression-5.3.28-sources.jar
2023-07-21 17:23:29,989 [Worker-26: Download sources and javadoc] INFO  o.e.m.c.i.e.AbstractTransferListenerAdapter - Downloaded https://repo.maven.apache.org/maven2/org/springframework/spring-expression/5.3.28/spring-expression-5.3.28-sources.jar
2023-07-21 17:23:29,997 [Worker-26: Download sources and javadoc] INFO  o.e.m.j.internal.DownloadSourcesJob - Downloaded sources for org.springframework:spring-expression:5.3.28
2023-07-21 19:59:28,839 [Worker-2: Loading available Gradle versions] INFO  o.e.b.c.i.u.g.PublishedGradleVersions - Gradle version information cache is up-to-date. Trying to read.
2023-07-21 20:35:21,940 [Worker-17: Building] INFO  o.e.m.c.i.embedder.EclipseLogger - Using 'UTF-8' encoding to copy filtered resources.
2023-07-21 20:35:22,023 [Worker-17: Building] INFO  o.e.m.c.i.embedder.EclipseLogger - skip non existing resourceDirectory D:\java Workspace\SpringWorkSpace\IocMod1\src\main\resources
2023-07-21 20:35:22,034 [Worker-17: Building] INFO  o.e.m.c.i.embedder.EclipseLogger - Using 'UTF-8' encoding to copy filtered resources.
2023-07-21 20:35:22,035 [Worker-17: Building] INFO  o.e.m.c.i.embedder.EclipseLogger - skip non existing resourceDirectory D:\java Workspace\SpringWorkSpace\IocMod1\src\test\resources
2023-07-21 20:38:22,944 [Worker-16: Building] INFO  o.e.m.c.i.embedder.EclipseLogger - Using 'UTF-8' encoding to copy filtered resources.
2023-07-21 20:38:22,945 [Worker-16: Building] INFO  o.e.m.c.i.embedder.EclipseLogger - skip non existing resourceDirectory D:\java Workspace\SpringWorkSpace\IocMod1\src\main\resources
2023-07-21 20:38:22,959 [Worker-16: Building] INFO  o.e.m.c.i.embedder.EclipseLogger - Using 'UTF-8' encoding to copy filtered resources.
2023-07-21 20:38:22,960 [Worker-16: Building] INFO  o.e.m.c.i.embedder.EclipseLogger - skip non existing resourceDirectory D:\java Workspace\SpringWorkSpace\IocMod1\src\test\resources
2023-07-21 20:39:03,450 [Worker-21: Building] INFO  o.e.m.c.i.embedder.EclipseLogger - Using 'UTF-8' encoding to copy filtered resources.
2023-07-21 20:39:03,450 [Worker-21: Building] INFO  o.e.m.c.i.embedder.EclipseLogger - skip non existing resourceDirectory D:\java Workspace\SpringWorkSpace\IocMod1\src\main\resources
2023-07-21 20:39:03,459 [Worker-21: Building] INFO  o.e.m.c.i.embedder.EclipseLogger - Using 'UTF-8' encoding to copy filtered resources.
2023-07-21 20:39:03,460 [Worker-21: Building] INFO  o.e.m.c.i.embedder.EclipseLogger - skip non existing resourceDirectory D:\java Workspace\SpringWorkSpace\IocMod1\src\test\resources
2023-07-21 20:40:12,779 [Worker-22: Building] INFO  o.e.m.c.i.embedder.EclipseLogger - Using 'UTF-8' encoding to copy filtered resources.
2023-07-21 20:40:12,780 [Worker-22: Building] INFO  o.e.m.c.i.embedder.EclipseLogger - skip non existing resourceDirectory D:\java Workspace\SpringWorkSpace\IocMod1\src\main\resources
2023-07-21 20:40:12,788 [Worker-22: Building] INFO  o.e.m.c.i.embedder.EclipseLogger - Using 'UTF-8' encoding to copy filtered resources.
2023-07-21 20:40:12,788 [Worker-22: Building] INFO  o.e.m.c.i.embedder.EclipseLogger - skip non existing resourceDirectory D:\java Workspace\SpringWorkSpace\IocMod1\src\test\resources
2023-07-21 20:40:29,895 [Worker-19: Building] INFO  o.e.m.c.i.embedder.EclipseLogger - Using 'UTF-8' encoding to copy filtered resources.
2023-07-21 20:40:29,896 [Worker-19: Building] INFO  o.e.m.c.i.embedder.EclipseLogger - skip non existing resourceDirectory D:\java Workspace\SpringWorkSpace\IocMod1\src\main\resources
2023-07-21 20:40:29,904 [Worker-19: Building] INFO  o.e.m.c.i.embedder.EclipseLogger - Using 'UTF-8' encoding to copy filtered resources.
2023-07-21 20:40:29,905 [Worker-19: Building] INFO  o.e.m.c.i.embedder.EclipseLogger - skip non existing resourceDirectory D:\java Workspace\SpringWorkSpace\IocMod1\src\test\resources
2023-07-21 20:42:59,201 [Worker-16: Building] INFO  o.e.m.c.i.embedder.EclipseLogger - Using 'UTF-8' encoding to copy filtered resources.
2023-07-21 20:42:59,202 [Worker-16: Building] INFO  o.e.m.c.i.embedder.EclipseLogger - skip non existing resourceDirectory D:\java Workspace\SpringWorkSpace\IocMod1\src\main\resources
2023-07-21 20:42:59,208 [Worker-16: Building] INFO  o.e.m.c.i.embedder.EclipseLogger - Using 'UTF-8' encoding to copy filtered resources.
2023-07-21 20:42:59,208 [Worker-16: Building] INFO  o.e.m.c.i.embedder.EclipseLogger - skip non existing resourceDirectory D:\java Workspace\SpringWorkSpace\IocMod1\src\test\resources
2023-07-22 11:45:18,005 [Worker-1: Loading available Gradle versions] INFO  o.e.b.c.i.u.g.PublishedGradleVersions - Gradle version information cache is out-of-date. Trying to update.
2023-07-22 11:45:32,362 [Worker-1: Loading available Gradle versions] INFO  o.e.b.c.i.u.g.PublishedGradleVersions - Updating Gradle version information cache failed. Using outdated cache.
2023-07-22 11:51:21,003 [Worker-2: Loading available Gradle versions] INFO  o.e.b.c.i.u.g.PublishedGradleVersions - Gradle version information cache is out-of-date. Trying to update.
2023-07-22 11:53:13,587 [Worker-5: Launching App] INFO  o.e.m.c.i.embedder.EclipseLogger - Using 'UTF-8' encoding to copy filtered resources.
2023-07-22 11:53:13,592 [Worker-5: Launching App] INFO  o.e.m.c.i.embedder.EclipseLogger - skip non existing resourceDirectory D:\java Workspace\SpringWorkSpace\IocMod1\src\main\resources
2023-07-22 11:53:13,607 [Worker-5: Launching App] INFO  o.e.m.c.i.embedder.EclipseLogger - Using 'UTF-8' encoding to copy filtered resources.
2023-07-22 11:53:13,608 [Worker-5: Launching App] INFO  o.e.m.c.i.embedder.EclipseLogger - skip non existing resourceDirectory D:\java Workspace\SpringWorkSpace\IocMod1\src\test\resources
2023-07-22 11:56:00,034 [Worker-17: Building] INFO  o.e.m.c.i.embedder.EclipseLogger - Using 'UTF-8' encoding to copy filtered resources.
2023-07-22 11:56:00,035 [Worker-17: Building] INFO  o.e.m.c.i.embedder.EclipseLogger - skip non existing resourceDirectory D:\java Workspace\SpringWorkSpace\IocMod1\src\main\resources
2023-07-22 11:56:00,052 [Worker-17: Building] INFO  o.e.m.c.i.embedder.EclipseLogger - Using 'UTF-8' encoding to copy filtered resources.
2023-07-22 11:56:00,060 [Worker-17: Building] INFO  o.e.m.c.i.embedder.EclipseLogger - skip non existing resourceDirectory D:\java Workspace\SpringWorkSpace\IocMod1\src\test\resources
2023-07-22 11:57:04,455 [Worker-18: Building] INFO  o.e.m.c.i.embedder.EclipseLogger - Using 'UTF-8' encoding to copy filtered resources.
2023-07-22 11:57:04,456 [Worker-18: Building] INFO  o.e.m.c.i.embedder.EclipseLogger - skip non existing resourceDirectory D:\java Workspace\SpringWorkSpace\IocMod1\src\main\resources
2023-07-22 11:57:04,465 [Worker-18: Building] INFO  o.e.m.c.i.embedder.EclipseLogger - Using 'UTF-8' encoding to copy filtered resources.
2023-07-22 11:57:04,465 [Worker-18: Building] INFO  o.e.m.c.i.embedder.EclipseLogger - skip non existing resourceDirectory D:\java Workspace\SpringWorkSpace\IocMod1\src\test\resources
2023-07-22 11:57:15,043 [Worker-12: Building] INFO  o.e.m.c.i.embedder.EclipseLogger - Using 'UTF-8' encoding to copy filtered resources.
2023-07-22 11:57:15,044 [Worker-12: Building] INFO  o.e.m.c.i.embedder.EclipseLogger - skip non existing resourceDirectory D:\java Workspace\SpringWorkSpace\IocMod1\src\main\resources
2023-07-22 11:57:15,055 [Worker-12: Building] INFO  o.e.m.c.i.embedder.EclipseLogger - Using 'UTF-8' encoding to copy filtered resources.
2023-07-22 11:57:15,056 [Worker-12: Building] INFO  o.e.m.c.i.embedder.EclipseLogger - skip non existing resourceDirectory D:\java Workspace\SpringWorkSpace\IocMod1\src\test\resources
2023-07-22 11:57:44,234 [Worker-16: Building] INFO  o.e.m.c.i.embedder.EclipseLogger - Using 'UTF-8' encoding to copy filtered resources.
2023-07-22 11:57:44,234 [Worker-16: Building] INFO  o.e.m.c.i.embedder.EclipseLogger - skip non existing resourceDirectory D:\java Workspace\SpringWorkSpace\IocMod1\src\main\resources
2023-07-22 11:57:44,247 [Worker-16: Building] INFO  o.e.m.c.i.embedder.EclipseLogger - Using 'UTF-8' encoding to copy filtered resources.
2023-07-22 11:57:44,247 [Worker-16: Building] INFO  o.e.m.c.i.embedder.EclipseLogger - skip non existing resourceDirectory D:\java Workspace\SpringWorkSpace\IocMod1\src\test\resources
2023-07-22 12:53:23,828 [Worker-5: Loading available Gradle versions] INFO  o.e.b.c.i.u.g.PublishedGradleVersions - Gradle version information cache is up-to-date. Trying to read.
2023-07-22 13:12:30,579 [Worker-17: Building] INFO  o.e.m.c.i.embedder.EclipseLogger - Using 'UTF-8' encoding to copy filtered resources.
2023-07-22 13:12:30,698 [Worker-17: Building] INFO  o.e.m.c.i.embedder.EclipseLogger - skip non existing resourceDirectory D:\java Workspace\SpringWorkSpace\IocMod1\src\main\resources
2023-07-22 13:12:30,708 [Worker-17: Building] INFO  o.e.m.c.i.embedder.EclipseLogger - Using 'UTF-8' encoding to copy filtered resources.
2023-07-22 13:12:30,708 [Worker-17: Building] INFO  o.e.m.c.i.embedder.EclipseLogger - skip non existing resourceDirectory D:\java Workspace\SpringWorkSpace\IocMod1\src\test\resources
2023-07-22 13:17:07,892 [Worker-18: Building] INFO  o.e.m.c.i.embedder.EclipseLogger - Using 'UTF-8' encoding to copy filtered resources.
2023-07-22 13:17:07,893 [Worker-18: Building] INFO  o.e.m.c.i.embedder.EclipseLogger - skip non existing resourceDirectory D:\java Workspace\SpringWorkSpace\IocMod1\src\main\resources
2023-07-22 13:17:07,900 [Worker-18: Building] INFO  o.e.m.c.i.embedder.EclipseLogger - Using 'UTF-8' encoding to copy filtered resources.
2023-07-22 13:17:07,901 [Worker-18: Building] INFO  o.e.m.c.i.embedder.EclipseLogger - skip non existing resourceDirectory D:\java Workspace\SpringWorkSpace\IocMod1\src\test\resources
2023-07-22 13:21:20,527 [Worker-18: Building] INFO  o.e.m.c.i.embedder.EclipseLogger - Using 'UTF-8' encoding to copy filtered resources.
2023-07-22 13:21:20,528 [Worker-18: Building] INFO  o.e.m.c.i.embedder.EclipseLogger - skip non existing resourceDirectory D:\java Workspace\SpringWorkSpace\IocMod1\src\main\resources
2023-07-22 13:21:20,536 [Worker-18: Building] INFO  o.e.m.c.i.embedder.EclipseLogger - Using 'UTF-8' encoding to copy filtered resources.
2023-07-22 13:21:20,537 [Worker-18: Building] INFO  o.e.m.c.i.embedder.EclipseLogger - skip non existing resourceDirectory D:\java Workspace\SpringWorkSpace\IocMod1\src\test\resources
2023-07-22 13:21:43,056 [Worker-8: Building] INFO  o.e.m.c.i.embedder.EclipseLogger - Using 'UTF-8' encoding to copy filtered resources.
2023-07-22 13:21:43,056 [Worker-8: Building] INFO  o.e.m.c.i.embedder.EclipseLogger - skip non existing resourceDirectory D:\java Workspace\SpringWorkSpace\IocMod1\src\main\resources
2023-07-22 13:21:43,063 [Worker-8: Building] INFO  o.e.m.c.i.embedder.EclipseLogger - Using 'UTF-8' encoding to copy filtered resources.
2023-07-22 13:21:43,063 [Worker-8: Building] INFO  o.e.m.c.i.embedder.EclipseLogger - skip non existing resourceDirectory D:\java Workspace\SpringWorkSpace\IocMod1\src\test\resources
2023-07-22 13:28:05,281 [Worker-23: Building] INFO  o.e.m.c.i.embedder.EclipseLogger - Using 'UTF-8' encoding to copy filtered resources.
2023-07-22 13:28:05,282 [Worker-23: Building] INFO  o.e.m.c.i.embedder.EclipseLogger - skip non existing resourceDirectory D:\java Workspace\SpringWorkSpace\IocMod1\src\main\resources
2023-07-22 13:28:05,288 [Worker-23: Building] INFO  o.e.m.c.i.embedder.EclipseLogger - Using 'UTF-8' encoding to copy filtered resources.
2023-07-22 13:28:05,289 [Worker-23: Building] INFO  o.e.m.c.i.embedder.EclipseLogger - skip non existing resourceDirectory D:\java Workspace\SpringWorkSpace\IocMod1\src\test\resources
2023-07-22 13:32:42,511 [Worker-24: Building] INFO  o.e.m.c.i.embedder.EclipseLogger - Using 'UTF-8' encoding to copy filtered resources.
2023-07-22 13:32:42,512 [Worker-24: Building] INFO  o.e.m.c.i.embedder.EclipseLogger - skip non existing resourceDirectory D:\java Workspace\SpringWorkSpace\IocMod1\src\main\resources
2023-07-22 13:32:42,519 [Worker-24: Building] INFO  o.e.m.c.i.embedder.EclipseLogger - Using 'UTF-8' encoding to copy filtered resources.
2023-07-22 13:32:42,519 [Worker-24: Building] INFO  o.e.m.c.i.embedder.EclipseLogger - skip non existing resourceDirectory D:\java Workspace\SpringWorkSpace\IocMod1\src\test\resources
2023-07-22 13:35:09,462 [Worker-26: Building] INFO  o.e.m.c.i.embedder.EclipseLogger - Using 'UTF-8' encoding to copy filtered resources.
2023-07-22 13:35:09,463 [Worker-26: Building] INFO  o.e.m.c.i.embedder.EclipseLogger - skip non existing resourceDirectory D:\java Workspace\SpringWorkSpace\IocMod1\src\main\resources
2023-07-22 13:35:09,470 [Worker-26: Building] INFO  o.e.m.c.i.embedder.EclipseLogger - Using 'UTF-8' encoding to copy filtered resources.
2023-07-22 13:35:09,471 [Worker-26: Building] INFO  o.e.m.c.i.embedder.EclipseLogger - skip non existing resourceDirectory D:\java Workspace\SpringWorkSpace\IocMod1\src\test\resources
2023-07-22 14:13:45,791 [Worker-27: Building] INFO  o.e.m.c.i.embedder.EclipseLogger - Using 'UTF-8' encoding to copy filtered resources.
2023-07-22 14:13:45,792 [Worker-27: Building] INFO  o.e.m.c.i.embedder.EclipseLogger - skip non existing resourceDirectory D:\java Workspace\SpringWorkSpace\IocMod1\src\main\resources
2023-07-22 14:13:45,872 [Worker-27: Building] INFO  o.e.m.c.i.embedder.EclipseLogger - Using 'UTF-8' encoding to copy filtered resources.
2023-07-22 14:13:45,873 [Worker-27: Building] INFO  o.e.m.c.i.embedder.EclipseLogger - skip non existing resourceDirectory D:\java Workspace\SpringWorkSpace\IocMod1\src\test\resources
2023-07-22 14:54:51,059 [Worker-10: Building] INFO  o.e.m.c.i.embedder.EclipseLogger - Using 'UTF-8' encoding to copy filtered resources.
2023-07-22 14:54:51,134 [Worker-10: Building] INFO  o.e.m.c.i.embedder.EclipseLogger - skip non existing resourceDirectory D:\java Workspace\SpringWorkSpace\IocMod1\src\main\resources
2023-07-22 14:54:51,142 [Worker-10: Building] INFO  o.e.m.c.i.embedder.EclipseLogger - Using 'UTF-8' encoding to copy filtered resources.
2023-07-22 14:54:51,143 [Worker-10: Building] INFO  o.e.m.c.i.embedder.EclipseLogger - skip non existing resourceDirectory D:\java Workspace\SpringWorkSpace\IocMod1\src\test\resources
2023-07-22 15:03:17,583 [Worker-12: Building] INFO  o.e.m.c.i.embedder.EclipseLogger - Using 'UTF-8' encoding to copy filtered resources.
2023-07-22 15:03:17,583 [Worker-12: Building] INFO  o.e.m.c.i.embedder.EclipseLogger - skip non existing resourceDirectory D:\java Workspace\SpringWorkSpace\IocMod1\src\main\resources
2023-07-22 15:03:17,591 [Worker-12: Building] INFO  o.e.m.c.i.embedder.EclipseLogger - Using 'UTF-8' encoding to copy filtered resources.
2023-07-22 15:03:17,591 [Worker-12: Building] INFO  o.e.m.c.i.embedder.EclipseLogger - skip non existing resourceDirectory D:\java Workspace\SpringWorkSpace\IocMod1\src\test\resources
2023-07-22 15:03:18,969 [Worker-13: Loading available Gradle versions] INFO  o.e.b.c.i.u.g.PublishedGradleVersions - Gradle version information cache is up-to-date. Trying to read.
2023-07-22 15:05:05,084 [Worker-14: Building] INFO  o.e.m.c.i.embedder.EclipseLogger - Using 'UTF-8' encoding to copy filtered resources.
2023-07-22 15:05:05,085 [Worker-14: Building] INFO  o.e.m.c.i.embedder.EclipseLogger - skip non existing resourceDirectory D:\java Workspace\SpringWorkSpace\IocMod1\src\main\resources
2023-07-22 15:05:05,091 [Worker-14: Building] INFO  o.e.m.c.i.embedder.EclipseLogger - Using 'UTF-8' encoding to copy filtered resources.
2023-07-22 15:05:05,092 [Worker-14: Building] INFO  o.e.m.c.i.embedder.EclipseLogger - skip non existing resourceDirectory D:\java Workspace\SpringWorkSpace\IocMod1\src\test\resources
2023-07-22 15:05:53,731 [Worker-10: Building] INFO  o.e.m.c.i.embedder.EclipseLogger - Using 'UTF-8' encoding to copy filtered resources.
2023-07-22 15:05:53,732 [Worker-10: Building] INFO  o.e.m.c.i.embedder.EclipseLogger - skip non existing resourceDirectory D:\java Workspace\SpringWorkSpace\IocMod1\src\main\resources
2023-07-22 15:05:53,738 [Worker-10: Building] INFO  o.e.m.c.i.embedder.EclipseLogger - Using 'UTF-8' encoding to copy filtered resources.
2023-07-22 15:05:53,739 [Worker-10: Building] INFO  o.e.m.c.i.embedder.EclipseLogger - skip non existing resourceDirectory D:\java Workspace\SpringWorkSpace\IocMod1\src\test\resources
2023-07-22 15:06:13,935 [Worker-13: Building] INFO  o.e.m.c.i.embedder.EclipseLogger - Using 'UTF-8' encoding to copy filtered resources.
2023-07-22 15:06:13,936 [Worker-13: Building] INFO  o.e.m.c.i.embedder.EclipseLogger - skip non existing resourceDirectory D:\java Workspace\SpringWorkSpace\IocMod1\src\main\resources
2023-07-22 15:06:13,945 [Worker-13: Building] INFO  o.e.m.c.i.embedder.EclipseLogger - Using 'UTF-8' encoding to copy filtered resources.
2023-07-22 15:06:13,946 [Worker-13: Building] INFO  o.e.m.c.i.embedder.EclipseLogger - skip non existing resourceDirectory D:\java Workspace\SpringWorkSpace\IocMod1\src\test\resources
2023-07-22 15:17:48,442 [Worker-12: Building] INFO  o.e.m.c.i.embedder.EclipseLogger - Using 'UTF-8' encoding to copy filtered resources.
2023-07-22 15:17:48,443 [Worker-12: Building] INFO  o.e.m.c.i.embedder.EclipseLogger - skip non existing resourceDirectory D:\java Workspace\SpringWorkSpace\IocMod1\src\main\resources
2023-07-22 15:17:48,450 [Worker-12: Building] INFO  o.e.m.c.i.embedder.EclipseLogger - Using 'UTF-8' encoding to copy filtered resources.
2023-07-22 15:17:48,450 [Worker-12: Building] INFO  o.e.m.c.i.embedder.EclipseLogger - skip non existing resourceDirectory D:\java Workspace\SpringWorkSpace\IocMod1\src\test\resources
2023-07-22 15:23:18,826 [Worker-19: Building] INFO  o.e.m.c.i.embedder.EclipseLogger - Using 'UTF-8' encoding to copy filtered resources.
2023-07-22 15:23:18,827 [Worker-19: Building] INFO  o.e.m.c.i.embedder.EclipseLogger - skip non existing resourceDirectory D:\java Workspace\SpringWorkSpace\IocMod1\src\main\resources
2023-07-22 15:23:18,833 [Worker-19: Building] INFO  o.e.m.c.i.embedder.EclipseLogger - Using 'UTF-8' encoding to copy filtered resources.
2023-07-22 15:23:18,833 [Worker-19: Building] INFO  o.e.m.c.i.embedder.EclipseLogger - skip non existing resourceDirectory D:\java Workspace\SpringWorkSpace\IocMod1\src\test\resources
2023-07-22 15:27:40,360 [Worker-19: Building] INFO  o.e.m.c.i.embedder.EclipseLogger - Using 'UTF-8' encoding to copy filtered resources.
2023-07-22 15:27:40,361 [Worker-19: Building] INFO  o.e.m.c.i.embedder.EclipseLogger - skip non existing resourceDirectory D:\java Workspace\SpringWorkSpace\IocMod1\src\main\resources
2023-07-22 15:27:40,370 [Worker-19: Building] INFO  o.e.m.c.i.embedder.EclipseLogger - Using 'UTF-8' encoding to copy filtered resources.
2023-07-22 15:27:40,370 [Worker-19: Building] INFO  o.e.m.c.i.embedder.EclipseLogger - skip non existing resourceDirectory D:\java Workspace\SpringWorkSpace\IocMod1\src\test\resources
2023-07-22 15:27:51,166 [Worker-21: Building] INFO  o.e.m.c.i.embedder.EclipseLogger - Using 'UTF-8' encoding to copy filtered resources.
2023-07-22 15:27:51,166 [Worker-21: Building] INFO  o.e.m.c.i.embedder.EclipseLogger - skip non existing resourceDirectory D:\java Workspace\SpringWorkSpace\IocMod1\src\main\resources
2023-07-22 15:27:51,173 [Worker-21: Building] INFO  o.e.m.c.i.embedder.EclipseLogger - Using 'UTF-8' encoding to copy filtered resources.
2023-07-22 15:27:51,173 [Worker-21: Building] INFO  o.e.m.c.i.embedder.EclipseLogger - skip non existing resourceDirectory D:\java Workspace\SpringWorkSpace\IocMod1\src\test\resources
2023-07-22 15:28:28,964 [Worker-12: Building] INFO  o.e.m.c.i.embedder.EclipseLogger - Using 'UTF-8' encoding to copy filtered resources.
2023-07-22 15:28:28,965 [Worker-12: Building] INFO  o.e.m.c.i.embedder.EclipseLogger - skip non existing resourceDirectory D:\java Workspace\SpringWorkSpace\IocMod1\src\main\resources
2023-07-22 15:28:28,974 [Worker-12: Building] INFO  o.e.m.c.i.embedder.EclipseLogger - Using 'UTF-8' encoding to copy filtered resources.
2023-07-22 15:28:28,974 [Worker-12: Building] INFO  o.e.m.c.i.embedder.EclipseLogger - skip non existing resourceDirectory D:\java Workspace\SpringWorkSpace\IocMod1\src\test\resources
2023-07-22 15:30:31,857 [Worker-20: Building] INFO  o.e.m.c.i.embedder.EclipseLogger - Using 'UTF-8' encoding to copy filtered resources.
2023-07-22 15:30:31,858 [Worker-20: Building] INFO  o.e.m.c.i.embedder.EclipseLogger - skip non existing resourceDirectory D:\java Workspace\SpringWorkSpace\IocMod1\src\main\resources
2023-07-22 15:30:31,863 [Worker-20: Building] INFO  o.e.m.c.i.embedder.EclipseLogger - Using 'UTF-8' encoding to copy filtered resources.
2023-07-22 15:30:31,864 [Worker-20: Building] INFO  o.e.m.c.i.embedder.EclipseLogger - skip non existing resourceDirectory D:\java Workspace\SpringWorkSpace\IocMod1\src\test\resources
2023-07-22 15:32:05,176 [Worker-23: Building] INFO  o.e.m.c.i.embedder.EclipseLogger - Using 'UTF-8' encoding to copy filtered resources.
2023-07-22 15:32:05,176 [Worker-23: Building] INFO  o.e.m.c.i.embedder.EclipseLogger - skip non existing resourceDirectory D:\java Workspace\SpringWorkSpace\IocMod1\src\main\resources
2023-07-22 15:32:05,182 [Worker-23: Building] INFO  o.e.m.c.i.embedder.EclipseLogger - Using 'UTF-8' encoding to copy filtered resources.
2023-07-22 15:32:05,183 [Worker-23: Building] INFO  o.e.m.c.i.embedder.EclipseLogger - skip non existing resourceDirectory D:\java Workspace\SpringWorkSpace\IocMod1\src\test\resources
2023-07-22 15:32:15,296 [Worker-19: Building] INFO  o.e.m.c.i.embedder.EclipseLogger - Using 'UTF-8' encoding to copy filtered resources.
2023-07-22 15:32:15,296 [Worker-19: Building] INFO  o.e.m.c.i.embedder.EclipseLogger - skip non existing resourceDirectory D:\java Workspace\SpringWorkSpace\IocMod1\src\main\resources
2023-07-22 15:32:15,302 [Worker-19: Building] INFO  o.e.m.c.i.embedder.EclipseLogger - Using 'UTF-8' encoding to copy filtered resources.
2023-07-22 15:32:15,303 [Worker-19: Building] INFO  o.e.m.c.i.embedder.EclipseLogger - skip non existing resourceDirectory D:\java Workspace\SpringWorkSpace\IocMod1\src\test\resources
2023-07-22 15:35:49,916 [Worker-24: Building] INFO  o.e.m.c.i.embedder.EclipseLogger - Using 'UTF-8' encoding to copy filtered resources.
2023-07-22 15:35:49,917 [Worker-24: Building] INFO  o.e.m.c.i.embedder.EclipseLogger - skip non existing resourceDirectory D:\java Workspace\SpringWorkSpace\IocMod1\src\main\resources
2023-07-22 15:35:49,925 [Worker-24: Building] INFO  o.e.m.c.i.embedder.EclipseLogger - Using 'UTF-8' encoding to copy filtered resources.
2023-07-22 15:35:49,925 [Worker-24: Building] INFO  o.e.m.c.i.embedder.EclipseLogger - skip non existing resourceDirectory D:\java Workspace\SpringWorkSpace\IocMod1\src\test\resources
2023-07-22 15:36:40,837 [Worker-26: Building] INFO  o.e.m.c.i.embedder.EclipseLogger - Using 'UTF-8' encoding to copy filtered resources.
2023-07-22 15:36:40,838 [Worker-26: Building] INFO  o.e.m.c.i.embedder.EclipseLogger - skip non existing resourceDirectory D:\java Workspace\SpringWorkSpace\IocMod1\src\main\resources
2023-07-22 15:36:40,845 [Worker-26: Building] INFO  o.e.m.c.i.embedder.EclipseLogger - Using 'UTF-8' encoding to copy filtered resources.
2023-07-22 15:36:40,846 [Worker-26: Building] INFO  o.e.m.c.i.embedder.EclipseLogger - skip non existing resourceDirectory D:\java Workspace\SpringWorkSpace\IocMod1\src\test\resources
2023-07-22 15:37:00,178 [Worker-21: Building] INFO  o.e.m.c.i.embedder.EclipseLogger - Using 'UTF-8' encoding to copy filtered resources.
2023-07-22 15:37:00,179 [Worker-21: Building] INFO  o.e.m.c.i.embedder.EclipseLogger - skip non existing resourceDirectory D:\java Workspace\SpringWorkSpace\IocMod1\src\main\resources
2023-07-22 15:37:00,187 [Worker-21: Building] INFO  o.e.m.c.i.embedder.EclipseLogger - Using 'UTF-8' encoding to copy filtered resources.
2023-07-22 15:37:00,188 [Worker-21: Building] INFO  o.e.m.c.i.embedder.EclipseLogger - skip non existing resourceDirectory D:\java Workspace\SpringWorkSpace\IocMod1\src\test\resources
2023-07-22 15:37:36,723 [Worker-24: Building] INFO  o.e.m.c.i.embedder.EclipseLogger - Using 'UTF-8' encoding to copy filtered resources.
2023-07-22 15:37:36,724 [Worker-24: Building] INFO  o.e.m.c.i.embedder.EclipseLogger - skip non existing resourceDirectory D:\java Workspace\SpringWorkSpace\IocMod1\src\main\resources
2023-07-22 15:37:36,730 [Worker-24: Building] INFO  o.e.m.c.i.embedder.EclipseLogger - Using 'UTF-8' encoding to copy filtered resources.
2023-07-22 15:37:36,731 [Worker-24: Building] INFO  o.e.m.c.i.embedder.EclipseLogger - skip non existing resourceDirectory D:\java Workspace\SpringWorkSpace\IocMod1\src\test\resources
2023-07-22 15:37:57,827 [Worker-25: Building] INFO  o.e.m.c.i.embedder.EclipseLogger - Using 'UTF-8' encoding to copy filtered resources.
2023-07-22 15:37:57,828 [Worker-25: Building] INFO  o.e.m.c.i.embedder.EclipseLogger - skip non existing resourceDirectory D:\java Workspace\SpringWorkSpace\IocMod1\src\main\resources
2023-07-22 15:37:57,922 [Worker-25: Building] INFO  o.e.m.c.i.embedder.EclipseLogger - Using 'UTF-8' encoding to copy filtered resources.
2023-07-22 15:37:57,923 [Worker-25: Building] INFO  o.e.m.c.i.embedder.EclipseLogger - skip non existing resourceDirectory D:\java Workspace\SpringWorkSpace\IocMod1\src\test\resources
2023-07-22 15:42:25,572 [Worker-28: Building] INFO  o.e.m.c.i.embedder.EclipseLogger - Using 'UTF-8' encoding to copy filtered resources.
2023-07-22 15:42:25,572 [Worker-28: Building] INFO  o.e.m.c.i.embedder.EclipseLogger - skip non existing resourceDirectory D:\java Workspace\SpringWorkSpace\IocMod1\src\main\resources
2023-07-22 15:42:25,578 [Worker-28: Building] INFO  o.e.m.c.i.embedder.EclipseLogger - Using 'UTF-8' encoding to copy filtered resources.
2023-07-22 15:42:25,578 [Worker-28: Building] INFO  o.e.m.c.i.embedder.EclipseLogger - skip non existing resourceDirectory D:\java Workspace\SpringWorkSpace\IocMod1\src\test\resources
2023-07-22 15:45:11,613 [Worker-32: Building] INFO  o.e.m.c.i.embedder.EclipseLogger - Using 'UTF-8' encoding to copy filtered resources.
2023-07-22 15:45:11,613 [Worker-32: Building] INFO  o.e.m.c.i.embedder.EclipseLogger - skip non existing resourceDirectory D:\java Workspace\SpringWorkSpace\IocMod1\src\main\resources
2023-07-22 15:45:11,619 [Worker-32: Building] INFO  o.e.m.c.i.embedder.EclipseLogger - Using 'UTF-8' encoding to copy filtered resources.
2023-07-22 15:45:11,619 [Worker-32: Building] INFO  o.e.m.c.i.embedder.EclipseLogger - skip non existing resourceDirectory D:\java Workspace\SpringWorkSpace\IocMod1\src\test\resources
2023-07-22 15:45:32,027 [Worker-31: Building] INFO  o.e.m.c.i.embedder.EclipseLogger - Using 'UTF-8' encoding to copy filtered resources.
2023-07-22 15:45:32,028 [Worker-31: Building] INFO  o.e.m.c.i.embedder.EclipseLogger - skip non existing resourceDirectory D:\java Workspace\SpringWorkSpace\IocMod1\src\main\resources
2023-07-22 15:45:32,034 [Worker-31: Building] INFO  o.e.m.c.i.embedder.EclipseLogger - Using 'UTF-8' encoding to copy filtered resources.
2023-07-22 15:45:32,035 [Worker-31: Building] INFO  o.e.m.c.i.embedder.EclipseLogger - skip non existing resourceDirectory D:\java Workspace\SpringWorkSpace\IocMod1\src\test\resources
2023-07-22 15:46:21,447 [Worker-29: Building] INFO  o.e.m.c.i.embedder.EclipseLogger - Using 'UTF-8' encoding to copy filtered resources.
2023-07-22 15:46:21,448 [Worker-29: Building] INFO  o.e.m.c.i.embedder.EclipseLogger - skip non existing resourceDirectory D:\java Workspace\SpringWorkSpace\IocMod1\src\main\resources
2023-07-22 15:46:21,455 [Worker-29: Building] INFO  o.e.m.c.i.embedder.EclipseLogger - Using 'UTF-8' encoding to copy filtered resources.
2023-07-22 15:46:21,456 [Worker-29: Building] INFO  o.e.m.c.i.embedder.EclipseLogger - skip non existing resourceDirectory D:\java Workspace\SpringWorkSpace\IocMod1\src\test\resources
2023-07-22 15:47:05,155 [Worker-30: Building] INFO  o.e.m.c.i.embedder.EclipseLogger - Using 'UTF-8' encoding to copy filtered resources.
2023-07-22 15:47:05,155 [Worker-30: Building] INFO  o.e.m.c.i.embedder.EclipseLogger - skip non existing resourceDirectory D:\java Workspace\SpringWorkSpace\IocMod1\src\main\resources
2023-07-22 15:47:05,163 [Worker-30: Building] INFO  o.e.m.c.i.embedder.EclipseLogger - Using 'UTF-8' encoding to copy filtered resources.
2023-07-22 15:47:05,163 [Worker-30: Building] INFO  o.e.m.c.i.embedder.EclipseLogger - skip non existing resourceDirectory D:\java Workspace\SpringWorkSpace\IocMod1\src\test\resources
2023-07-22 15:47:16,105 [Worker-31: Building] INFO  o.e.m.c.i.embedder.EclipseLogger - Using 'UTF-8' encoding to copy filtered resources.
2023-07-22 15:47:16,106 [Worker-31: Building] INFO  o.e.m.c.i.embedder.EclipseLogger - skip non existing resourceDirectory D:\java Workspace\SpringWorkSpace\IocMod1\src\main\resources
2023-07-22 15:47:16,112 [Worker-31: Building] INFO  o.e.m.c.i.embedder.EclipseLogger - Using 'UTF-8' encoding to copy filtered resources.
2023-07-22 15:47:16,112 [Worker-31: Building] INFO  o.e.m.c.i.embedder.EclipseLogger - skip non existing resourceDirectory D:\java Workspace\SpringWorkSpace\IocMod1\src\test\resources
2023-07-22 15:51:44,806 [Worker-34: Building] INFO  o.e.m.c.i.embedder.EclipseLogger - Using 'UTF-8' encoding to copy filtered resources.
2023-07-22 15:51:44,806 [Worker-34: Building] INFO  o.e.m.c.i.embedder.EclipseLogger - skip non existing resourceDirectory D:\java Workspace\SpringWorkSpace\IocMod1\src\main\resources
2023-07-22 15:51:44,811 [Worker-34: Building] INFO  o.e.m.c.i.embedder.EclipseLogger - Using 'UTF-8' encoding to copy filtered resources.
2023-07-22 15:51:44,811 [Worker-34: Building] INFO  o.e.m.c.i.embedder.EclipseLogger - skip non existing resourceDirectory D:\java Workspace\SpringWorkSpace\IocMod1\src\test\resources
2023-07-22 15:52:28,972 [Worker-36: Building] INFO  o.e.m.c.i.embedder.EclipseLogger - Using 'UTF-8' encoding to copy filtered resources.
2023-07-22 15:52:28,973 [Worker-36: Building] INFO  o.e.m.c.i.embedder.EclipseLogger - skip non existing resourceDirectory D:\java Workspace\SpringWorkSpace\IocMod1\src\main\resources
2023-07-22 15:52:28,979 [Worker-36: Building] INFO  o.e.m.c.i.embedder.EclipseLogger - Using 'UTF-8' encoding to copy filtered resources.
2023-07-22 15:52:28,979 [Worker-36: Building] INFO  o.e.m.c.i.embedder.EclipseLogger - skip non existing resourceDirectory D:\java Workspace\SpringWorkSpace\IocMod1\src\test\resources
2023-07-22 15:52:52,524 [Worker-36: Building] INFO  o.e.m.c.i.embedder.EclipseLogger - Using 'UTF-8' encoding to copy filtered resources.
2023-07-22 15:52:52,524 [Worker-36: Building] INFO  o.e.m.c.i.embedder.EclipseLogger - skip non existing resourceDirectory D:\java Workspace\SpringWorkSpace\IocMod1\src\main\resources
2023-07-22 15:52:52,530 [Worker-36: Building] INFO  o.e.m.c.i.embedder.EclipseLogger - Using 'UTF-8' encoding to copy filtered resources.
2023-07-22 15:52:52,530 [Worker-36: Building] INFO  o.e.m.c.i.embedder.EclipseLogger - skip non existing resourceDirectory D:\java Workspace\SpringWorkSpace\IocMod1\src\test\resources
2023-07-22 16:22:36,584 [Worker-38: Building] INFO  o.e.m.c.i.embedder.EclipseLogger - Using 'UTF-8' encoding to copy filtered resources.
2023-07-22 16:22:36,585 [Worker-38: Building] INFO  o.e.m.c.i.embedder.EclipseLogger - skip non existing resourceDirectory D:\java Workspace\SpringWorkSpace\IocMod1\src\main\resources
2023-07-22 16:22:36,589 [Worker-38: Building] INFO  o.e.m.c.i.embedder.EclipseLogger - Using 'UTF-8' encoding to copy filtered resources.
2023-07-22 16:22:36,589 [Worker-38: Building] INFO  o.e.m.c.i.embedder.EclipseLogger - skip non existing resourceDirectory D:\java Workspace\SpringWorkSpace\IocMod1\src\test\resources
2023-07-22 16:23:10,674 [Worker-35: Building] INFO  o.e.m.c.i.embedder.EclipseLogger - Using 'UTF-8' encoding to copy filtered resources.
2023-07-22 16:23:10,674 [Worker-35: Building] INFO  o.e.m.c.i.embedder.EclipseLogger - skip non existing resourceDirectory D:\java Workspace\SpringWorkSpace\IocMod1\src\main\resources
2023-07-22 16:23:10,679 [Worker-35: Building] INFO  o.e.m.c.i.embedder.EclipseLogger - Using 'UTF-8' encoding to copy filtered resources.
2023-07-22 16:23:10,680 [Worker-35: Building] INFO  o.e.m.c.i.embedder.EclipseLogger - skip non existing resourceDirectory D:\java Workspace\SpringWorkSpace\IocMod1\src\test\resources
2023-07-22 16:23:33,406 [Worker-34: Building] INFO  o.e.m.c.i.embedder.EclipseLogger - Using 'UTF-8' encoding to copy filtered resources.
2023-07-22 16:23:33,406 [Worker-34: Building] INFO  o.e.m.c.i.embedder.EclipseLogger - skip non existing resourceDirectory D:\java Workspace\SpringWorkSpace\IocMod1\src\main\resources
2023-07-22 16:23:33,410 [Worker-34: Building] INFO  o.e.m.c.i.embedder.EclipseLogger - Using 'UTF-8' encoding to copy filtered resources.
2023-07-22 16:23:33,411 [Worker-34: Building] INFO  o.e.m.c.i.embedder.EclipseLogger - skip non existing resourceDirectory D:\java Workspace\SpringWorkSpace\IocMod1\src\test\resources
2023-07-22 16:25:38,316 [Worker-39: Building] INFO  o.e.m.c.i.embedder.EclipseLogger - Using 'UTF-8' encoding to copy filtered resources.
2023-07-22 16:25:38,316 [Worker-39: Building] INFO  o.e.m.c.i.embedder.EclipseLogger - skip non existing resourceDirectory D:\java Workspace\SpringWorkSpace\IocMod1\src\main\resources
2023-07-22 16:25:38,324 [Worker-39: Building] INFO  o.e.m.c.i.embedder.EclipseLogger - Using 'UTF-8' encoding to copy filtered resources.
2023-07-22 16:25:38,324 [Worker-39: Building] INFO  o.e.m.c.i.embedder.EclipseLogger - skip non existing resourceDirectory D:\java Workspace\SpringWorkSpace\IocMod1\src\test\resources
2023-07-22 16:26:16,386 [Worker-38: Building] INFO  o.e.m.c.i.embedder.EclipseLogger - Using 'UTF-8' encoding to copy filtered resources.
2023-07-22 16:26:16,386 [Worker-38: Building] INFO  o.e.m.c.i.embedder.EclipseLogger - skip non existing resourceDirectory D:\java Workspace\SpringWorkSpace\IocMod1\src\main\resources
2023-07-22 16:26:16,392 [Worker-38: Building] INFO  o.e.m.c.i.embedder.EclipseLogger - Using 'UTF-8' encoding to copy filtered resources.
2023-07-22 16:26:16,392 [Worker-38: Building] INFO  o.e.m.c.i.embedder.EclipseLogger - skip non existing resourceDirectory D:\java Workspace\SpringWorkSpace\IocMod1\src\test\resources
2023-07-22 16:26:47,456 [Worker-38: Building] INFO  o.e.m.c.i.embedder.EclipseLogger - Using 'UTF-8' encoding to copy filtered resources.
2023-07-22 16:26:47,456 [Worker-38: Building] INFO  o.e.m.c.i.embedder.EclipseLogger - skip non existing resourceDirectory D:\java Workspace\SpringWorkSpace\IocMod1\src\main\resources
2023-07-22 16:26:47,462 [Worker-38: Building] INFO  o.e.m.c.i.embedder.EclipseLogger - Using 'UTF-8' encoding to copy filtered resources.
2023-07-22 16:26:47,462 [Worker-38: Building] INFO  o.e.m.c.i.embedder.EclipseLogger - skip non existing resourceDirectory D:\java Workspace\SpringWorkSpace\IocMod1\src\test\resources
2023-07-22 17:01:41,679 [Worker-41: Building] INFO  o.e.m.c.i.embedder.EclipseLogger - Using 'UTF-8' encoding to copy filtered resources.
2023-07-22 17:01:41,680 [Worker-41: Building] INFO  o.e.m.c.i.embedder.EclipseLogger - skip non existing resourceDirectory D:\java Workspace\SpringWorkSpace\IocMod1\src\main\resources
2023-07-22 17:01:41,685 [Worker-41: Building] INFO  o.e.m.c.i.embedder.EclipseLogger - Using 'UTF-8' encoding to copy filtered resources.
2023-07-22 17:01:41,686 [Worker-41: Building] INFO  o.e.m.c.i.embedder.EclipseLogger - skip non existing resourceDirectory D:\java Workspace\SpringWorkSpace\IocMod1\src\test\resources
2023-07-22 17:03:07,464 [Worker-34: Building] INFO  o.e.m.c.i.embedder.EclipseLogger - Using 'UTF-8' encoding to copy filtered resources.
2023-07-22 17:03:07,465 [Worker-34: Building] INFO  o.e.m.c.i.embedder.EclipseLogger - skip non existing resourceDirectory D:\java Workspace\SpringWorkSpace\IocMod1\src\main\resources
2023-07-22 17:03:07,471 [Worker-34: Building] INFO  o.e.m.c.i.embedder.EclipseLogger - Using 'UTF-8' encoding to copy filtered resources.
2023-07-22 17:03:07,471 [Worker-34: Building] INFO  o.e.m.c.i.embedder.EclipseLogger - skip non existing resourceDirectory D:\java Workspace\SpringWorkSpace\IocMod1\src\test\resources
2023-07-25 15:37:22,421 [Worker-6: Loading available Gradle versions] INFO  o.e.b.c.i.u.g.PublishedGradleVersions - Gradle version information cache is out-of-date. Trying to update.
2023-07-25 15:38:51,739 [Worker-14: Building] INFO  o.e.m.c.i.embedder.EclipseLogger - Using 'UTF-8' encoding to copy filtered resources.
2023-07-25 15:38:51,739 [Worker-14: Building] INFO  o.e.m.c.i.embedder.EclipseLogger - skip non existing resourceDirectory D:\java Workspace\SpringWorkSpace\IocMod1\src\main\resources
2023-07-25 15:38:51,756 [Worker-14: Building] INFO  o.e.m.c.i.embedder.EclipseLogger - Using 'UTF-8' encoding to copy filtered resources.
2023-07-25 15:38:51,756 [Worker-14: Building] INFO  o.e.m.c.i.embedder.EclipseLogger - skip non existing resourceDirectory D:\java Workspace\SpringWorkSpace\IocMod1\src\test\resources
2023-07-25 15:39:17,577 [Worker-15: Building] INFO  o.e.m.c.i.embedder.EclipseLogger - Using 'UTF-8' encoding to copy filtered resources.
2023-07-25 15:39:17,577 [Worker-15: Building] INFO  o.e.m.c.i.embedder.EclipseLogger - skip non existing resourceDirectory D:\java Workspace\SpringWorkSpace\IocMod1\src\main\resources
2023-07-25 15:39:17,591 [Worker-15: Building] INFO  o.e.m.c.i.embedder.EclipseLogger - Using 'UTF-8' encoding to copy filtered resources.
2023-07-25 15:39:17,592 [Worker-15: Building] INFO  o.e.m.c.i.embedder.EclipseLogger - skip non existing resourceDirectory D:\java Workspace\SpringWorkSpace\IocMod1\src\test\resources
2023-07-25 15:39:49,976 [Worker-16: Building] INFO  o.e.m.c.i.embedder.EclipseLogger - Using 'UTF-8' encoding to copy filtered resources.
2023-07-25 15:39:49,977 [Worker-16: Building] INFO  o.e.m.c.i.embedder.EclipseLogger - skip non existing resourceDirectory D:\java Workspace\SpringWorkSpace\IocMod1\src\main\resources
2023-07-25 15:39:49,999 [Worker-16: Building] INFO  o.e.m.c.i.embedder.EclipseLogger - Using 'UTF-8' encoding to copy filtered resources.
2023-07-25 15:39:50,000 [Worker-16: Building] INFO  o.e.m.c.i.embedder.EclipseLogger - skip non existing resourceDirectory D:\java Workspace\SpringWorkSpace\IocMod1\src\test\resources
2023-07-25 15:40:54,642 [Worker-5: Building] INFO  o.e.m.c.i.embedder.EclipseLogger - Using 'UTF-8' encoding to copy filtered resources.
2023-07-25 15:40:54,642 [Worker-5: Building] INFO  o.e.m.c.i.embedder.EclipseLogger - skip non existing resourceDirectory D:\java Workspace\SpringWorkSpace\IocMod1\src\main\resources
2023-07-25 15:40:54,649 [Worker-5: Building] INFO  o.e.m.c.i.embedder.EclipseLogger - Using 'UTF-8' encoding to copy filtered resources.
2023-07-25 15:40:54,649 [Worker-5: Building] INFO  o.e.m.c.i.embedder.EclipseLogger - skip non existing resourceDirectory D:\java Workspace\SpringWorkSpace\IocMod1\src\test\resources
2023-07-25 15:41:05,558 [Worker-16: Building] INFO  o.e.m.c.i.embedder.EclipseLogger - Using 'UTF-8' encoding to copy filtered resources.
2023-07-25 15:41:05,558 [Worker-16: Building] INFO  o.e.m.c.i.embedder.EclipseLogger - skip non existing resourceDirectory D:\java Workspace\SpringWorkSpace\IocMod1\src\main\resources
2023-07-25 15:41:05,566 [Worker-16: Building] INFO  o.e.m.c.i.embedder.EclipseLogger - Using 'UTF-8' encoding to copy filtered resources.
2023-07-25 15:41:05,566 [Worker-16: Building] INFO  o.e.m.c.i.embedder.EclipseLogger - skip non existing resourceDirectory D:\java Workspace\SpringWorkSpace\IocMod1\src\test\resources
2023-07-25 15:54:22,922 [Worker-6: Building] INFO  o.e.m.c.i.embedder.EclipseLogger - Using 'UTF-8' encoding to copy filtered resources.
2023-07-25 15:54:22,923 [Worker-6: Building] INFO  o.e.m.c.i.embedder.EclipseLogger - skip non existing resourceDirectory D:\java Workspace\SpringWorkSpace\IocMod1\src\main\resources
2023-07-25 15:54:22,930 [Worker-6: Building] INFO  o.e.m.c.i.embedder.EclipseLogger - Using 'UTF-8' encoding to copy filtered resources.
2023-07-25 15:54:22,931 [Worker-6: Building] INFO  o.e.m.c.i.embedder.EclipseLogger - skip non existing resourceDirectory D:\java Workspace\SpringWorkSpace\IocMod1\src\test\resources
2023-07-25 16:02:39,643 [Worker-18: Building] INFO  o.e.m.c.i.embedder.EclipseLogger - Using 'UTF-8' encoding to copy filtered resources.
2023-07-25 16:02:39,643 [Worker-18: Building] INFO  o.e.m.c.i.embedder.EclipseLogger - skip non existing resourceDirectory D:\java Workspace\SpringWorkSpace\IocMod1\src\main\resources
2023-07-25 16:02:39,648 [Worker-18: Building] INFO  o.e.m.c.i.embedder.EclipseLogger - Using 'UTF-8' encoding to copy filtered resources.
2023-07-25 16:02:39,649 [Worker-18: Building] INFO  o.e.m.c.i.embedder.EclipseLogger - skip non existing resourceDirectory D:\java Workspace\SpringWorkSpace\IocMod1\src\test\resources
2023-07-25 16:03:48,114 [Worker-18: Building] INFO  o.e.m.c.i.embedder.EclipseLogger - Using 'UTF-8' encoding to copy filtered resources.
2023-07-25 16:03:48,115 [Worker-18: Building] INFO  o.e.m.c.i.embedder.EclipseLogger - skip non existing resourceDirectory D:\java Workspace\SpringWorkSpace\IocMod1\src\main\resources
2023-07-25 16:03:48,136 [Worker-18: Building] INFO  o.e.m.c.i.embedder.EclipseLogger - Using 'UTF-8' encoding to copy filtered resources.
2023-07-25 16:03:48,136 [Worker-18: Building] INFO  o.e.m.c.i.embedder.EclipseLogger - skip non existing resourceDirectory D:\java Workspace\SpringWorkSpace\IocMod1\src\test\resources
2023-07-25 16:07:11,856 [Worker-23: Building] INFO  o.e.m.c.i.embedder.EclipseLogger - Using 'UTF-8' encoding to copy filtered resources.
2023-07-25 16:07:11,856 [Worker-23: Building] INFO  o.e.m.c.i.embedder.EclipseLogger - skip non existing resourceDirectory D:\java Workspace\SpringWorkSpace\IocMod1\src\main\resources
2023-07-25 16:07:11,888 [Worker-23: Building] INFO  o.e.m.c.i.embedder.EclipseLogger - Using 'UTF-8' encoding to copy filtered resources.
2023-07-25 16:07:11,888 [Worker-23: Building] INFO  o.e.m.c.i.embedder.EclipseLogger - skip non existing resourceDirectory D:\java Workspace\SpringWorkSpace\IocMod1\src\test\resources
2023-07-25 16:10:03,508 [Worker-14: Building] INFO  o.e.m.c.i.embedder.EclipseLogger - Using 'UTF-8' encoding to copy filtered resources.
2023-07-25 16:10:03,509 [Worker-14: Building] INFO  o.e.m.c.i.embedder.EclipseLogger - skip non existing resourceDirectory D:\java Workspace\SpringWorkSpace\IocMod1\src\main\resources
2023-07-25 16:10:03,524 [Worker-14: Building] INFO  o.e.m.c.i.embedder.EclipseLogger - Using 'UTF-8' encoding to copy filtered resources.
2023-07-25 16:10:03,526 [Worker-14: Building] INFO  o.e.m.c.i.embedder.EclipseLogger - skip non existing resourceDirectory D:\java Workspace\SpringWorkSpace\IocMod1\src\test\resources
2023-07-25 16:11:47,692 [Worker-21: Building] INFO  o.e.m.c.i.embedder.EclipseLogger - Using 'UTF-8' encoding to copy filtered resources.
2023-07-25 16:11:47,693 [Worker-21: Building] INFO  o.e.m.c.i.embedder.EclipseLogger - skip non existing resourceDirectory D:\java Workspace\SpringWorkSpace\IocMod1\src\main\resources
2023-07-25 16:11:47,705 [Worker-21: Building] INFO  o.e.m.c.i.embedder.EclipseLogger - Using 'UTF-8' encoding to copy filtered resources.
2023-07-25 16:11:47,706 [Worker-21: Building] INFO  o.e.m.c.i.embedder.EclipseLogger - skip non existing resourceDirectory D:\java Workspace\SpringWorkSpace\IocMod1\src\test\resources
2023-07-25 16:12:28,982 [Worker-18: Building] INFO  o.e.m.c.i.embedder.EclipseLogger - Using 'UTF-8' encoding to copy filtered resources.
2023-07-25 16:12:28,982 [Worker-18: Building] INFO  o.e.m.c.i.embedder.EclipseLogger - skip non existing resourceDirectory D:\java Workspace\SpringWorkSpace\IocMod1\src\main\resources
2023-07-25 16:12:28,990 [Worker-18: Building] INFO  o.e.m.c.i.embedder.EclipseLogger - Using 'UTF-8' encoding to copy filtered resources.
2023-07-25 16:12:28,991 [Worker-18: Building] INFO  o.e.m.c.i.embedder.EclipseLogger - skip non existing resourceDirectory D:\java Workspace\SpringWorkSpace\IocMod1\src\test\resources
2023-07-25 16:33:28,440 [Worker-25: Building] INFO  o.e.m.c.i.embedder.EclipseLogger - Using 'UTF-8' encoding to copy filtered resources.
2023-07-25 16:33:28,453 [Worker-25: Building] INFO  o.e.m.c.i.embedder.EclipseLogger - skip non existing resourceDirectory D:\java Workspace\SpringWorkSpace\IocMod1\src\main\resources
2023-07-25 16:33:28,513 [Worker-25: Building] INFO  o.e.m.c.i.embedder.EclipseLogger - Using 'UTF-8' encoding to copy filtered resources.
2023-07-25 16:33:28,560 [Worker-25: Building] INFO  o.e.m.c.i.embedder.EclipseLogger - skip non existing resourceDirectory D:\java Workspace\SpringWorkSpace\IocMod1\src\test\resources
2023-07-25 16:48:34,414 [Worker-25: Building] INFO  o.e.m.c.i.embedder.EclipseLogger - Using 'UTF-8' encoding to copy filtered resources.
2023-07-25 16:48:34,414 [Worker-25: Building] INFO  o.e.m.c.i.embedder.EclipseLogger - skip non existing resourceDirectory D:\java Workspace\SpringWorkSpace\IocMod1\src\main\resources
2023-07-25 16:48:34,419 [Worker-25: Building] INFO  o.e.m.c.i.embedder.EclipseLogger - Using 'UTF-8' encoding to copy filtered resources.
2023-07-25 16:48:34,419 [Worker-25: Building] INFO  o.e.m.c.i.embedder.EclipseLogger - skip non existing resourceDirectory D:\java Workspace\SpringWorkSpace\IocMod1\src\test\resources
2023-07-25 16:48:45,817 [Worker-29: Building] INFO  o.e.m.c.i.embedder.EclipseLogger - Using 'UTF-8' encoding to copy filtered resources.
2023-07-25 16:48:45,818 [Worker-29: Building] INFO  o.e.m.c.i.embedder.EclipseLogger - skip non existing resourceDirectory D:\java Workspace\SpringWorkSpace\IocMod1\src\main\resources
2023-07-25 16:48:45,826 [Worker-29: Building] INFO  o.e.m.c.i.embedder.EclipseLogger - Using 'UTF-8' encoding to copy filtered resources.
2023-07-25 16:48:45,827 [Worker-29: Building] INFO  o.e.m.c.i.embedder.EclipseLogger - skip non existing resourceDirectory D:\java Workspace\SpringWorkSpace\IocMod1\src\test\resources
2023-07-25 16:48:56,018 [Worker-29: Building] INFO  o.e.m.c.i.embedder.EclipseLogger - Using 'UTF-8' encoding to copy filtered resources.
2023-07-25 16:48:56,018 [Worker-29: Building] INFO  o.e.m.c.i.embedder.EclipseLogger - skip non existing resourceDirectory D:\java Workspace\SpringWorkSpace\IocMod1\src\main\resources
2023-07-25 16:48:56,043 [Worker-29: Building] INFO  o.e.m.c.i.embedder.EclipseLogger - Using 'UTF-8' encoding to copy filtered resources.
2023-07-25 16:48:56,044 [Worker-29: Building] INFO  o.e.m.c.i.embedder.EclipseLogger - skip non existing resourceDirectory D:\java Workspace\SpringWorkSpace\IocMod1\src\test\resources
2023-07-25 16:49:18,655 [Worker-28: Building] INFO  o.e.m.c.i.embedder.EclipseLogger - Using 'UTF-8' encoding to copy filtered resources.
2023-07-25 16:49:18,656 [Worker-28: Building] INFO  o.e.m.c.i.embedder.EclipseLogger - skip non existing resourceDirectory D:\java Workspace\SpringWorkSpace\IocMod1\src\main\resources
2023-07-25 16:49:18,663 [Worker-28: Building] INFO  o.e.m.c.i.embedder.EclipseLogger - Using 'UTF-8' encoding to copy filtered resources.
2023-07-25 16:49:18,664 [Worker-28: Building] INFO  o.e.m.c.i.embedder.EclipseLogger - skip non existing resourceDirectory D:\java Workspace\SpringWorkSpace\IocMod1\src\test\resources
2023-07-25 16:50:08,749 [Worker-31: Building] INFO  o.e.m.c.i.embedder.EclipseLogger - Using 'UTF-8' encoding to copy filtered resources.
2023-07-25 16:50:08,749 [Worker-31: Building] INFO  o.e.m.c.i.embedder.EclipseLogger - skip non existing resourceDirectory D:\java Workspace\SpringWorkSpace\IocMod1\src\main\resources
2023-07-25 16:50:08,761 [Worker-31: Building] INFO  o.e.m.c.i.embedder.EclipseLogger - Using 'UTF-8' encoding to copy filtered resources.
2023-07-25 16:50:08,762 [Worker-31: Building] INFO  o.e.m.c.i.embedder.EclipseLogger - skip non existing resourceDirectory D:\java Workspace\SpringWorkSpace\IocMod1\src\test\resources
2023-07-25 16:50:55,561 [Worker-28: Building] INFO  o.e.m.c.i.embedder.EclipseLogger - Using 'UTF-8' encoding to copy filtered resources.
2023-07-25 16:50:55,561 [Worker-28: Building] INFO  o.e.m.c.i.embedder.EclipseLogger - skip non existing resourceDirectory D:\java Workspace\SpringWorkSpace\IocMod1\src\main\resources
2023-07-25 16:50:55,577 [Worker-28: Building] INFO  o.e.m.c.i.embedder.EclipseLogger - Using 'UTF-8' encoding to copy filtered resources.
2023-07-25 16:50:55,577 [Worker-28: Building] INFO  o.e.m.c.i.embedder.EclipseLogger - skip non existing resourceDirectory D:\java Workspace\SpringWorkSpace\IocMod1\src\test\resources
2023-07-25 16:51:15,007 [Worker-30: Building] INFO  o.e.m.c.i.embedder.EclipseLogger - Using 'UTF-8' encoding to copy filtered resources.
2023-07-25 16:51:15,008 [Worker-30: Building] INFO  o.e.m.c.i.embedder.EclipseLogger - skip non existing resourceDirectory D:\java Workspace\SpringWorkSpace\IocMod1\src\main\resources
2023-07-25 16:51:15,014 [Worker-30: Building] INFO  o.e.m.c.i.embedder.EclipseLogger - Using 'UTF-8' encoding to copy filtered resources.
2023-07-25 16:51:15,015 [Worker-30: Building] INFO  o.e.m.c.i.embedder.EclipseLogger - skip non existing resourceDirectory D:\java Workspace\SpringWorkSpace\IocMod1\src\test\resources
2023-07-25 16:52:09,692 [Worker-25: Building] INFO  o.e.m.c.i.embedder.EclipseLogger - Using 'UTF-8' encoding to copy filtered resources.
2023-07-25 16:52:09,693 [Worker-25: Building] INFO  o.e.m.c.i.embedder.EclipseLogger - skip non existing resourceDirectory D:\java Workspace\SpringWorkSpace\IocMod1\src\main\resources
2023-07-25 16:52:09,698 [Worker-25: Building] INFO  o.e.m.c.i.embedder.EclipseLogger - Using 'UTF-8' encoding to copy filtered resources.
2023-07-25 16:52:09,699 [Worker-25: Building] INFO  o.e.m.c.i.embedder.EclipseLogger - skip non existing resourceDirectory D:\java Workspace\SpringWorkSpace\IocMod1\src\test\resources
2023-07-25 16:52:33,458 [Worker-28: Building] INFO  o.e.m.c.i.embedder.EclipseLogger - Using 'UTF-8' encoding to copy filtered resources.
2023-07-25 16:52:33,459 [Worker-28: Building] INFO  o.e.m.c.i.embedder.EclipseLogger - skip non existing resourceDirectory D:\java Workspace\SpringWorkSpace\IocMod1\src\main\resources
2023-07-25 16:52:33,463 [Worker-28: Building] INFO  o.e.m.c.i.embedder.EclipseLogger - Using 'UTF-8' encoding to copy filtered resources.
2023-07-25 16:52:33,464 [Worker-28: Building] INFO  o.e.m.c.i.embedder.EclipseLogger - skip non existing resourceDirectory D:\java Workspace\SpringWorkSpace\IocMod1\src\test\resources
2023-07-25 16:56:52,854 [Worker-31: Building] INFO  o.e.m.c.i.embedder.EclipseLogger - Using 'UTF-8' encoding to copy filtered resources.
2023-07-25 16:56:52,854 [Worker-31: Building] INFO  o.e.m.c.i.embedder.EclipseLogger - skip non existing resourceDirectory D:\java Workspace\SpringWorkSpace\IocMod1\src\main\resources
2023-07-25 16:56:52,860 [Worker-31: Building] INFO  o.e.m.c.i.embedder.EclipseLogger - Using 'UTF-8' encoding to copy filtered resources.
2023-07-25 16:56:52,861 [Worker-31: Building] INFO  o.e.m.c.i.embedder.EclipseLogger - skip non existing resourceDirectory D:\java Workspace\SpringWorkSpace\IocMod1\src\test\resources
2023-07-25 17:00:25,625 [Worker-29: Building] INFO  o.e.m.c.i.embedder.EclipseLogger - Using 'UTF-8' encoding to copy filtered resources.
2023-07-25 17:00:25,626 [Worker-29: Building] INFO  o.e.m.c.i.embedder.EclipseLogger - skip non existing resourceDirectory D:\java Workspace\SpringWorkSpace\IocMod1\src\main\resources
2023-07-25 17:00:25,631 [Worker-29: Building] INFO  o.e.m.c.i.embedder.EclipseLogger - Using 'UTF-8' encoding to copy filtered resources.
2023-07-25 17:00:25,632 [Worker-29: Building] INFO  o.e.m.c.i.embedder.EclipseLogger - skip non existing resourceDirectory D:\java Workspace\SpringWorkSpace\IocMod1\src\test\resources
2023-07-25 17:00:41,291 [Worker-30: Building] INFO  o.e.m.c.i.embedder.EclipseLogger - Using 'UTF-8' encoding to copy filtered resources.
2023-07-25 17:00:41,292 [Worker-30: Building] INFO  o.e.m.c.i.embedder.EclipseLogger - skip non existing resourceDirectory D:\java Workspace\SpringWorkSpace\IocMod1\src\main\resources
2023-07-25 17:00:41,297 [Worker-30: Building] INFO  o.e.m.c.i.embedder.EclipseLogger - Using 'UTF-8' encoding to copy filtered resources.
2023-07-25 17:00:41,298 [Worker-30: Building] INFO  o.e.m.c.i.embedder.EclipseLogger - skip non existing resourceDirectory D:\java Workspace\SpringWorkSpace\IocMod1\src\test\resources
2023-07-25 17:02:07,093 [Worker-25: Building] INFO  o.e.m.c.i.embedder.EclipseLogger - Using 'UTF-8' encoding to copy filtered resources.
2023-07-25 17:02:07,094 [Worker-25: Building] INFO  o.e.m.c.i.embedder.EclipseLogger - skip non existing resourceDirectory D:\java Workspace\SpringWorkSpace\IocMod1\src\main\resources
2023-07-25 17:02:07,101 [Worker-25: Building] INFO  o.e.m.c.i.embedder.EclipseLogger - Using 'UTF-8' encoding to copy filtered resources.
2023-07-25 17:02:07,101 [Worker-25: Building] INFO  o.e.m.c.i.embedder.EclipseLogger - skip non existing resourceDirectory D:\java Workspace\SpringWorkSpace\IocMod1\src\test\resources
2023-07-25 17:02:59,208 [Worker-30: Launching DaoApp] INFO  o.e.m.c.i.embedder.EclipseLogger - Using 'UTF-8' encoding to copy filtered resources.
2023-07-25 17:02:59,209 [Worker-30: Launching DaoApp] INFO  o.e.m.c.i.embedder.EclipseLogger - skip non existing resourceDirectory D:\java Workspace\SpringWorkSpace\IocMod1\src\main\resources
2023-07-25 17:02:59,215 [Worker-30: Launching DaoApp] INFO  o.e.m.c.i.embedder.EclipseLogger - Using 'UTF-8' encoding to copy filtered resources.
2023-07-25 17:02:59,215 [Worker-30: Launching DaoApp] INFO  o.e.m.c.i.embedder.EclipseLogger - skip non existing resourceDirectory D:\java Workspace\SpringWorkSpace\IocMod1\src\test\resources
2023-07-25 17:03:15,879 [Worker-28: Building] INFO  o.e.m.c.i.embedder.EclipseLogger - Using 'UTF-8' encoding to copy filtered resources.
2023-07-25 17:03:15,879 [Worker-28: Building] INFO  o.e.m.c.i.embedder.EclipseLogger - skip non existing resourceDirectory D:\java Workspace\SpringWorkSpace\IocMod1\src\main\resources
2023-07-25 17:03:15,885 [Worker-28: Building] INFO  o.e.m.c.i.embedder.EclipseLogger - Using 'UTF-8' encoding to copy filtered resources.
2023-07-25 17:03:15,885 [Worker-28: Building] INFO  o.e.m.c.i.embedder.EclipseLogger - skip non existing resourceDirectory D:\java Workspace\SpringWorkSpace\IocMod1\src\test\resources
2023-07-25 17:04:14,361 [Worker-31: Building] INFO  o.e.m.c.i.embedder.EclipseLogger - Using 'UTF-8' encoding to copy filtered resources.
2023-07-25 17:04:14,362 [Worker-31: Building] INFO  o.e.m.c.i.embedder.EclipseLogger - skip non existing resourceDirectory D:\java Workspace\SpringWorkSpace\IocMod1\src\main\resources
2023-07-25 17:04:14,369 [Worker-31: Building] INFO  o.e.m.c.i.embedder.EclipseLogger - Using 'UTF-8' encoding to copy filtered resources.
2023-07-25 17:04:14,369 [Worker-31: Building] INFO  o.e.m.c.i.embedder.EclipseLogger - skip non existing resourceDirectory D:\java Workspace\SpringWorkSpace\IocMod1\src\test\resources
2023-07-25 17:04:28,925 [Worker-30: Building] INFO  o.e.m.c.i.embedder.EclipseLogger - Using 'UTF-8' encoding to copy filtered resources.
2023-07-25 17:04:28,925 [Worker-30: Building] INFO  o.e.m.c.i.embedder.EclipseLogger - skip non existing resourceDirectory D:\java Workspace\SpringWorkSpace\IocMod1\src\main\resources
2023-07-25 17:04:28,929 [Worker-30: Building] INFO  o.e.m.c.i.embedder.EclipseLogger - Using 'UTF-8' encoding to copy filtered resources.
2023-07-25 17:04:28,930 [Worker-30: Building] INFO  o.e.m.c.i.embedder.EclipseLogger - skip non existing resourceDirectory D:\java Workspace\SpringWorkSpace\IocMod1\src\test\resources
2023-07-25 17:04:37,031 [Worker-25: Building] INFO  o.e.m.c.i.embedder.EclipseLogger - Using 'UTF-8' encoding to copy filtered resources.
2023-07-25 17:04:37,031 [Worker-25: Building] INFO  o.e.m.c.i.embedder.EclipseLogger - skip non existing resourceDirectory D:\java Workspace\SpringWorkSpace\IocMod1\src\main\resources
2023-07-25 17:04:37,036 [Worker-25: Building] INFO  o.e.m.c.i.embedder.EclipseLogger - Using 'UTF-8' encoding to copy filtered resources.
2023-07-25 17:04:37,037 [Worker-25: Building] INFO  o.e.m.c.i.embedder.EclipseLogger - skip non existing resourceDirectory D:\java Workspace\SpringWorkSpace\IocMod1\src\test\resources
2023-07-25 17:04:45,369 [Worker-25: Building] INFO  o.e.m.c.i.embedder.EclipseLogger - Using 'UTF-8' encoding to copy filtered resources.
2023-07-25 17:04:45,370 [Worker-25: Building] INFO  o.e.m.c.i.embedder.EclipseLogger - skip non existing resourceDirectory D:\java Workspace\SpringWorkSpace\IocMod1\src\main\resources
2023-07-25 17:04:45,375 [Worker-25: Building] INFO  o.e.m.c.i.embedder.EclipseLogger - Using 'UTF-8' encoding to copy filtered resources.
2023-07-25 17:04:45,375 [Worker-25: Building] INFO  o.e.m.c.i.embedder.EclipseLogger - skip non existing resourceDirectory D:\java Workspace\SpringWorkSpace\IocMod1\src\test\resources
2023-07-25 17:05:27,244 [Worker-29: Building] INFO  o.e.m.c.i.embedder.EclipseLogger - Using 'UTF-8' encoding to copy filtered resources.
2023-07-25 17:05:27,244 [Worker-29: Building] INFO  o.e.m.c.i.embedder.EclipseLogger - skip non existing resourceDirectory D:\java Workspace\SpringWorkSpace\IocMod1\src\main\resources
2023-07-25 17:05:27,249 [Worker-29: Building] INFO  o.e.m.c.i.embedder.EclipseLogger - Using 'UTF-8' encoding to copy filtered resources.
2023-07-25 17:05:27,250 [Worker-29: Building] INFO  o.e.m.c.i.embedder.EclipseLogger - skip non existing resourceDirectory D:\java Workspace\SpringWorkSpace\IocMod1\src\test\resources
2023-07-25 17:44:09,084 [Worker-33: Building] INFO  o.e.m.c.i.embedder.EclipseLogger - Using 'UTF-8' encoding to copy filtered resources.
2023-07-25 17:44:09,085 [Worker-33: Building] INFO  o.e.m.c.i.embedder.EclipseLogger - skip non existing resourceDirectory D:\java Workspace\SpringWorkSpace\IocMod1\src\main\resources
2023-07-25 17:44:09,090 [Worker-33: Building] INFO  o.e.m.c.i.embedder.EclipseLogger - Using 'UTF-8' encoding to copy filtered resources.
2023-07-25 17:44:09,090 [Worker-33: Building] INFO  o.e.m.c.i.embedder.EclipseLogger - skip non existing resourceDirectory D:\java Workspace\SpringWorkSpace\IocMod1\src\test\resources
2023-07-25 17:51:23,805 [Worker-33: Building] INFO  o.e.m.c.i.embedder.EclipseLogger - Using 'UTF-8' encoding to copy filtered resources.
2023-07-25 17:51:23,805 [Worker-33: Building] INFO  o.e.m.c.i.embedder.EclipseLogger - skip non existing resourceDirectory D:\java Workspace\SpringWorkSpace\IocMod1\src\main\resources
2023-07-25 17:51:23,821 [Worker-33: Building] INFO  o.e.m.c.i.embedder.EclipseLogger - Using 'UTF-8' encoding to copy filtered resources.
2023-07-25 17:51:23,821 [Worker-33: Building] INFO  o.e.m.c.i.embedder.EclipseLogger - skip non existing resourceDirectory D:\java Workspace\SpringWorkSpace\IocMod1\src\test\resources
2023-07-25 17:51:50,654 [Worker-29: Building] INFO  o.e.m.c.i.embedder.EclipseLogger - Using 'UTF-8' encoding to copy filtered resources.
2023-07-25 17:51:50,655 [Worker-29: Building] INFO  o.e.m.c.i.embedder.EclipseLogger - skip non existing resourceDirectory D:\java Workspace\SpringWorkSpace\IocMod1\src\main\resources
2023-07-25 17:51:50,662 [Worker-29: Building] INFO  o.e.m.c.i.embedder.EclipseLogger - Using 'UTF-8' encoding to copy filtered resources.
2023-07-25 17:51:50,663 [Worker-29: Building] INFO  o.e.m.c.i.embedder.EclipseLogger - skip non existing resourceDirectory D:\java Workspace\SpringWorkSpace\IocMod1\src\test\resources
2023-07-25 17:52:15,291 [Worker-35: Building] INFO  o.e.m.c.i.embedder.EclipseLogger - Using 'UTF-8' encoding to copy filtered resources.
2023-07-25 17:52:15,291 [Worker-35: Building] INFO  o.e.m.c.i.embedder.EclipseLogger - skip non existing resourceDirectory D:\java Workspace\SpringWorkSpace\IocMod1\src\main\resources
2023-07-25 17:52:15,298 [Worker-35: Building] INFO  o.e.m.c.i.embedder.EclipseLogger - Using 'UTF-8' encoding to copy filtered resources.
2023-07-25 17:52:15,298 [Worker-35: Building] INFO  o.e.m.c.i.embedder.EclipseLogger - skip non existing resourceDirectory D:\java Workspace\SpringWorkSpace\IocMod1\src\test\resources
2023-07-25 17:52:16,383 [Worker-35: Building] INFO  o.e.m.c.i.embedder.EclipseLogger - Using 'UTF-8' encoding to copy filtered resources.
2023-07-25 17:52:16,384 [Worker-35: Building] INFO  o.e.m.c.i.embedder.EclipseLogger - skip non existing resourceDirectory D:\java Workspace\SpringWorkSpace\IocMod1\src\main\resources
2023-07-25 17:52:16,388 [Worker-35: Building] INFO  o.e.m.c.i.embedder.EclipseLogger - Using 'UTF-8' encoding to copy filtered resources.
2023-07-25 17:52:16,388 [Worker-35: Building] INFO  o.e.m.c.i.embedder.EclipseLogger - skip non existing resourceDirectory D:\java Workspace\SpringWorkSpace\IocMod1\src\test\resources
2023-07-25 17:52:50,143 [Worker-29: Building] INFO  o.e.m.c.i.embedder.EclipseLogger - Using 'UTF-8' encoding to copy filtered resources.
2023-07-25 17:52:50,143 [Worker-29: Building] INFO  o.e.m.c.i.embedder.EclipseLogger - skip non existing resourceDirectory D:\java Workspace\SpringWorkSpace\IocMod1\src\main\resources
2023-07-25 17:52:50,149 [Worker-29: Building] INFO  o.e.m.c.i.embedder.EclipseLogger - Using 'UTF-8' encoding to copy filtered resources.
2023-07-25 17:52:50,150 [Worker-29: Building] INFO  o.e.m.c.i.embedder.EclipseLogger - skip non existing resourceDirectory D:\java Workspace\SpringWorkSpace\IocMod1\src\test\resources
2023-07-25 17:52:54,580 [Worker-34: Building] INFO  o.e.m.c.i.embedder.EclipseLogger - Using 'UTF-8' encoding to copy filtered resources.
2023-07-25 17:52:54,580 [Worker-34: Building] INFO  o.e.m.c.i.embedder.EclipseLogger - skip non existing resourceDirectory D:\java Workspace\SpringWorkSpace\IocMod1\src\main\resources
2023-07-25 17:52:54,651 [Worker-34: Building] INFO  o.e.m.c.i.embedder.EclipseLogger - Using 'UTF-8' encoding to copy filtered resources.
2023-07-25 17:52:54,651 [Worker-34: Building] INFO  o.e.m.c.i.embedder.EclipseLogger - skip non existing resourceDirectory D:\java Workspace\SpringWorkSpace\IocMod1\src\test\resources
2023-07-25 17:53:59,494 [Worker-35: Building] INFO  o.e.m.c.i.embedder.EclipseLogger - Using 'UTF-8' encoding to copy filtered resources.
2023-07-25 17:53:59,494 [Worker-35: Building] INFO  o.e.m.c.i.embedder.EclipseLogger - skip non existing resourceDirectory D:\java Workspace\SpringWorkSpace\IocMod1\src\main\resources
2023-07-25 17:53:59,499 [Worker-35: Building] INFO  o.e.m.c.i.embedder.EclipseLogger - Using 'UTF-8' encoding to copy filtered resources.
2023-07-25 17:53:59,500 [Worker-35: Building] INFO  o.e.m.c.i.embedder.EclipseLogger - skip non existing resourceDirectory D:\java Workspace\SpringWorkSpace\IocMod1\src\test\resources
2023-07-25 17:56:14,861 [Worker-36: Building] INFO  o.e.m.c.i.embedder.EclipseLogger - Using 'UTF-8' encoding to copy filtered resources.
2023-07-25 17:56:14,861 [Worker-36: Building] INFO  o.e.m.c.i.embedder.EclipseLogger - skip non existing resourceDirectory D:\java Workspace\SpringWorkSpace\IocMod1\src\main\resources
2023-07-25 17:56:14,867 [Worker-36: Building] INFO  o.e.m.c.i.embedder.EclipseLogger - Using 'UTF-8' encoding to copy filtered resources.
2023-07-25 17:56:14,868 [Worker-36: Building] INFO  o.e.m.c.i.embedder.EclipseLogger - skip non existing resourceDirectory D:\java Workspace\SpringWorkSpace\IocMod1\src\test\resources
2023-07-25 17:56:38,939 [Worker-36: Building] INFO  o.e.m.c.i.embedder.EclipseLogger - Using 'UTF-8' encoding to copy filtered resources.
2023-07-25 17:56:38,939 [Worker-36: Building] INFO  o.e.m.c.i.embedder.EclipseLogger - skip non existing resourceDirectory D:\java Workspace\SpringWorkSpace\IocMod1\src\main\resources
2023-07-25 17:56:38,944 [Worker-36: Building] INFO  o.e.m.c.i.embedder.EclipseLogger - Using 'UTF-8' encoding to copy filtered resources.
2023-07-25 17:56:38,945 [Worker-36: Building] INFO  o.e.m.c.i.embedder.EclipseLogger - skip non existing resourceDirectory D:\java Workspace\SpringWorkSpace\IocMod1\src\test\resources
2023-07-25 17:59:03,305 [Worker-33: Building] INFO  o.e.m.c.i.embedder.EclipseLogger - Using 'UTF-8' encoding to copy filtered resources.
2023-07-25 17:59:03,306 [Worker-33: Building] INFO  o.e.m.c.i.embedder.EclipseLogger - skip non existing resourceDirectory D:\java Workspace\SpringWorkSpace\IocMod1\src\main\resources
2023-07-25 17:59:03,327 [Worker-33: Building] INFO  o.e.m.c.i.embedder.EclipseLogger - Using 'UTF-8' encoding to copy filtered resources.
2023-07-25 17:59:03,328 [Worker-33: Building] INFO  o.e.m.c.i.embedder.EclipseLogger - skip non existing resourceDirectory D:\java Workspace\SpringWorkSpace\IocMod1\src\test\resources
2023-07-25 17:59:36,724 [Worker-35: Launching ConstructorInjApp] INFO  o.e.m.c.i.embedder.EclipseLogger - Using 'UTF-8' encoding to copy filtered resources.
2023-07-25 17:59:36,725 [Worker-35: Launching ConstructorInjApp] INFO  o.e.m.c.i.embedder.EclipseLogger - skip non existing resourceDirectory D:\java Workspace\SpringWorkSpace\IocMod1\src\main\resources
2023-07-25 17:59:36,730 [Worker-35: Launching ConstructorInjApp] INFO  o.e.m.c.i.embedder.EclipseLogger - Using 'UTF-8' encoding to copy filtered resources.
2023-07-25 17:59:36,731 [Worker-35: Launching ConstructorInjApp] INFO  o.e.m.c.i.embedder.EclipseLogger - skip non existing resourceDirectory D:\java Workspace\SpringWorkSpace\IocMod1\src\test\resources
2023-07-25 17:59:57,060 [Worker-36: Building] INFO  o.e.m.c.i.embedder.EclipseLogger - Using 'UTF-8' encoding to copy filtered resources.
2023-07-25 17:59:57,061 [Worker-36: Building] INFO  o.e.m.c.i.embedder.EclipseLogger - skip non existing resourceDirectory D:\java Workspace\SpringWorkSpace\IocMod1\src\main\resources
2023-07-25 17:59:57,066 [Worker-36: Building] INFO  o.e.m.c.i.embedder.EclipseLogger - Using 'UTF-8' encoding to copy filtered resources.
2023-07-25 17:59:57,066 [Worker-36: Building] INFO  o.e.m.c.i.embedder.EclipseLogger - skip non existing resourceDirectory D:\java Workspace\SpringWorkSpace\IocMod1\src\test\resources
2023-07-25 18:00:16,243 [Worker-36: Building] INFO  o.e.m.c.i.embedder.EclipseLogger - Using 'UTF-8' encoding to copy filtered resources.
2023-07-25 18:00:16,244 [Worker-36: Building] INFO  o.e.m.c.i.embedder.EclipseLogger - skip non existing resourceDirectory D:\java Workspace\SpringWorkSpace\IocMod1\src\main\resources
2023-07-25 18:00:16,312 [Worker-36: Building] INFO  o.e.m.c.i.embedder.EclipseLogger - Using 'UTF-8' encoding to copy filtered resources.
2023-07-25 18:00:16,313 [Worker-36: Building] INFO  o.e.m.c.i.embedder.EclipseLogger - skip non existing resourceDirectory D:\java Workspace\SpringWorkSpace\IocMod1\src\test\resources
2023-07-25 18:00:59,701 [Worker-29: Building] INFO  o.e.m.c.i.embedder.EclipseLogger - Using 'UTF-8' encoding to copy filtered resources.
2023-07-25 18:00:59,701 [Worker-29: Building] INFO  o.e.m.c.i.embedder.EclipseLogger - skip non existing resourceDirectory D:\java Workspace\SpringWorkSpace\IocMod1\src\main\resources
2023-07-25 18:00:59,706 [Worker-29: Building] INFO  o.e.m.c.i.embedder.EclipseLogger - Using 'UTF-8' encoding to copy filtered resources.
2023-07-25 18:00:59,707 [Worker-29: Building] INFO  o.e.m.c.i.embedder.EclipseLogger - skip non existing resourceDirectory D:\java Workspace\SpringWorkSpace\IocMod1\src\test\resources
2023-07-25 18:15:42,817 [Worker-37: Building] INFO  o.e.m.c.i.embedder.EclipseLogger - Using 'UTF-8' encoding to copy filtered resources.
2023-07-25 18:15:42,818 [Worker-37: Building] INFO  o.e.m.c.i.embedder.EclipseLogger - skip non existing resourceDirectory D:\java Workspace\SpringWorkSpace\IocMod1\src\main\resources
2023-07-25 18:15:42,823 [Worker-37: Building] INFO  o.e.m.c.i.embedder.EclipseLogger - Using 'UTF-8' encoding to copy filtered resources.
2023-07-25 18:15:42,823 [Worker-37: Building] INFO  o.e.m.c.i.embedder.EclipseLogger - skip non existing resourceDirectory D:\java Workspace\SpringWorkSpace\IocMod1\src\test\resources
2023-07-25 18:17:38,214 [Worker-29: Building] INFO  o.e.m.c.i.embedder.EclipseLogger - Using 'UTF-8' encoding to copy filtered resources.
2023-07-25 18:17:38,214 [Worker-29: Building] INFO  o.e.m.c.i.embedder.EclipseLogger - skip non existing resourceDirectory D:\java Workspace\SpringWorkSpace\IocMod1\src\main\resources
2023-07-25 18:17:38,219 [Worker-29: Building] INFO  o.e.m.c.i.embedder.EclipseLogger - Using 'UTF-8' encoding to copy filtered resources.
2023-07-25 18:17:38,220 [Worker-29: Building] INFO  o.e.m.c.i.embedder.EclipseLogger - skip non existing resourceDirectory D:\java Workspace\SpringWorkSpace\IocMod1\src\test\resources
2023-07-25 18:50:36,628 [Worker-29: Building] INFO  o.e.m.c.i.embedder.EclipseLogger - Using 'UTF-8' encoding to copy filtered resources.
2023-07-25 18:50:36,628 [Worker-29: Building] INFO  o.e.m.c.i.embedder.EclipseLogger - skip non existing resourceDirectory D:\java Workspace\SpringWorkSpace\IocMod1\src\main\resources
2023-07-25 18:50:36,633 [Worker-29: Building] INFO  o.e.m.c.i.embedder.EclipseLogger - Using 'UTF-8' encoding to copy filtered resources.
2023-07-25 18:50:36,633 [Worker-29: Building] INFO  o.e.m.c.i.embedder.EclipseLogger - skip non existing resourceDirectory D:\java Workspace\SpringWorkSpace\IocMod1\src\test\resources
2023-07-25 18:52:37,363 [Worker-42: Building] INFO  o.e.m.c.i.embedder.EclipseLogger - Using 'UTF-8' encoding to copy filtered resources.
2023-07-25 18:52:37,363 [Worker-42: Building] INFO  o.e.m.c.i.embedder.EclipseLogger - skip non existing resourceDirectory D:\java Workspace\SpringWorkSpace\IocMod1\src\main\resources
2023-07-25 18:52:37,369 [Worker-42: Building] INFO  o.e.m.c.i.embedder.EclipseLogger - Using 'UTF-8' encoding to copy filtered resources.
2023-07-25 18:52:37,369 [Worker-42: Building] INFO  o.e.m.c.i.embedder.EclipseLogger - skip non existing resourceDirectory D:\java Workspace\SpringWorkSpace\IocMod1\src\test\resources
2023-07-25 18:56:12,610 [Worker-38: Building] INFO  o.e.m.c.i.embedder.EclipseLogger - Using 'UTF-8' encoding to copy filtered resources.
2023-07-25 18:56:12,610 [Worker-38: Building] INFO  o.e.m.c.i.embedder.EclipseLogger - skip non existing resourceDirectory D:\java Workspace\SpringWorkSpace\IocMod1\src\main\resources
2023-07-25 18:56:12,616 [Worker-38: Building] INFO  o.e.m.c.i.embedder.EclipseLogger - Using 'UTF-8' encoding to copy filtered resources.
2023-07-25 18:56:12,616 [Worker-38: Building] INFO  o.e.m.c.i.embedder.EclipseLogger - skip non existing resourceDirectory D:\java Workspace\SpringWorkSpace\IocMod1\src\test\resources
2023-07-25 18:58:23,710 [Worker-42: Building] INFO  o.e.m.c.i.embedder.EclipseLogger - Using 'UTF-8' encoding to copy filtered resources.
2023-07-25 18:58:23,710 [Worker-42: Building] INFO  o.e.m.c.i.embedder.EclipseLogger - skip non existing resourceDirectory D:\java Workspace\SpringWorkSpace\IocMod1\src\main\resources
2023-07-25 18:58:23,717 [Worker-42: Building] INFO  o.e.m.c.i.embedder.EclipseLogger - Using 'UTF-8' encoding to copy filtered resources.
2023-07-25 18:58:23,718 [Worker-42: Building] INFO  o.e.m.c.i.embedder.EclipseLogger - skip non existing resourceDirectory D:\java Workspace\SpringWorkSpace\IocMod1\src\test\resources
2023-07-25 19:00:52,046 [Worker-38: Building] INFO  o.e.m.c.i.embedder.EclipseLogger - Using 'UTF-8' encoding to copy filtered resources.
2023-07-25 19:00:52,047 [Worker-38: Building] INFO  o.e.m.c.i.embedder.EclipseLogger - skip non existing resourceDirectory D:\java Workspace\SpringWorkSpace\IocMod1\src\main\resources
2023-07-25 19:00:52,089 [Worker-38: Building] INFO  o.e.m.c.i.embedder.EclipseLogger - Using 'UTF-8' encoding to copy filtered resources.
2023-07-25 19:00:52,090 [Worker-38: Building] INFO  o.e.m.c.i.embedder.EclipseLogger - skip non existing resourceDirectory D:\java Workspace\SpringWorkSpace\IocMod1\src\test\resources
